ld.so-1.7.0
libzvbi.so.0
/usr/lib/x86_64-linux-gnu/libzvbi.so.0
libzvbi-chains.so.0
/usr/lib/x86_64-linux-gnu/libzvbi-chains.so.0
libzstd.so.1
/usr/lib/x86_64-linux-gnu/libzstd.so.1
libzmq.so.5
/usr/lib/x86_64-linux-gnu/libzmq.so.5
libzinnia.so.0
/usr/lib/libzinnia.so.0
libzeitgeist-2.0.so.0
/usr/lib/x86_64-linux-gnu/libzeitgeist-2.0.so.0
libz.so.1
/lib/x86_64-linux-gnu/libz.so.1
libz.so
/usr/lib/x86_64-linux-gnu/libz.so
libyelp.so.0
/usr/lib/x86_64-linux-gnu/libyelp.so.0
libyaml-0.so.2
/usr/lib/x86_64-linux-gnu/libyaml-0.so.2
libyajl.so.2
/usr/lib/x86_64-linux-gnu/libyajl.so.2
libx265.so.146
/usr/lib/x86_64-linux-gnu/libx265.so.146
libx264.so.152
/usr/lib/x86_64-linux-gnu/libx264.so.152
libx264.so
/usr/lib/x86_64-linux-gnu/libx264.so
libxvidcore.so.4
/usr/lib/x86_64-linux-gnu/libxvidcore.so.4
libxvidcore.so
/usr/lib/x86_64-linux-gnu/libxvidcore.so
libxtables.so.12
/usr/lib/x86_64-linux-gnu/libxtables.so.12
libxslt.so.1
/usr/lib/x86_64-linux-gnu/libxslt.so.1
libxshmfence.so.1
/usr/lib/x86_64-linux-gnu/libxshmfence.so.1
libxshmfence.so
/usr/lib/x86_64-linux-gnu/libxshmfence.so
libxml2.so.2
/usr/lib/x86_64-linux-gnu/libxml2.so.2
libxmlsec1.so.1
/usr/lib/x86_64-linux-gnu/libxmlsec1.so.1
libxmlsec1-nss.so.1
/usr/lib/x86_64-linux-gnu/libxmlsec1-nss.so.1
libxmlb.so.1
/usr/lib/x86_64-linux-gnu/libxmlb.so.1
libxlutil-4.9.so
/usr/lib/x86_64-linux-gnu/libxlutil-4.9.so
libxklavier.so.16
/usr/lib/x86_64-linux-gnu/libxklavier.so.16
libxkbfile.so.1
/usr/lib/x86_64-linux-gnu/libxkbfile.so.1
libxkbcommon.so.0
/usr/lib/x86_64-linux-gnu/libxkbcommon.so.0
libxkbcommon.so
/usr/lib/x86_64-linux-gnu/libxkbcommon.so
libxkbcommon-x11.so.0
/usr/lib/x86_64-linux-gnu/libxkbcommon-x11.so.0
libxentoollog-4.9.so.1
/usr/lib/x86_64-linux-gnu/libxentoollog-4.9.so.1
libxenstore.so.3.0
/usr/lib/x86_64-linux-gnu/libxenstore.so.3.0
libxenlight-4.9.so
/usr/lib/x86_64-linux-gnu/libxenlight-4.9.so
libxenguest-4.9.so
/usr/lib/x86_64-linux-gnu/libxenguest-4.9.so
libxengnttab-4.9.so.1
/usr/lib/x86_64-linux-gnu/libxengnttab-4.9.so.1
libxenforeignmemory-4.9.so.1
/usr/lib/x86_64-linux-gnu/libxenforeignmemory-4.9.so.1
libxenevtchn-4.9.so.1
/usr/lib/x86_64-linux-gnu/libxenevtchn-4.9.so.1
libxendevicemodel-4.9.so.1
/usr/lib/x86_64-linux-gnu/libxendevicemodel-4.9.so.1
libxenctrl-4.9.so
/usr/lib/x86_64-linux-gnu/libxenctrl-4.9.so
libxencall-4.9.so.1
/usr/lib/x86_64-linux-gnu/libxencall-4.9.so.1
libxcb.so.1
/usr/lib/x86_64-linux-gnu/libxcb.so.1
libxcb.so
/usr/lib/x86_64-linux-gnu/libxcb.so
libxcb-xv.so.0
/usr/lib/x86_64-linux-gnu/libxcb-xv.so.0
libxcb-xtest.so.0
/usr/lib/x86_64-linux-gnu/libxcb-xtest.so.0
libxcb-xkb.so.1
/usr/lib/x86_64-linux-gnu/libxcb-xkb.so.1
libxcb-xinerama.so.0
/usr/lib/x86_64-linux-gnu/libxcb-xinerama.so.0
libxcb-xfixes.so.0
/usr/lib/x86_64-linux-gnu/libxcb-xfixes.so.0
libxcb-xfixes.so
/usr/lib/x86_64-linux-gnu/libxcb-xfixes.so
libxcb-util.so.1
/usr/lib/x86_64-linux-gnu/libxcb-util.so.1
libxcb-sync.so.1
/usr/lib/x86_64-linux-gnu/libxcb-sync.so.1
libxcb-sync.so
/usr/lib/x86_64-linux-gnu/libxcb-sync.so
libxcb-shm.so.0
/usr/lib/x86_64-linux-gnu/libxcb-shm.so.0
libxcb-shm.so
/usr/lib/x86_64-linux-gnu/libxcb-shm.so
libxcb-shape.so.0
/usr/lib/x86_64-linux-gnu/libxcb-shape.so.0
libxcb-shape.so
/usr/lib/x86_64-linux-gnu/libxcb-shape.so
libxcb-res.so.0
/usr/lib/x86_64-linux-gnu/libxcb-res.so.0
libxcb-render.so.0
/usr/lib/x86_64-linux-gnu/libxcb-render.so.0
libxcb-render.so
/usr/lib/x86_64-linux-gnu/libxcb-render.so
libxcb-render-util.so.0
/usr/lib/x86_64-linux-gnu/libxcb-render-util.so.0
libxcb-randr.so.0
/usr/lib/x86_64-linux-gnu/libxcb-randr.so.0
libxcb-randr.so
/usr/lib/x86_64-linux-gnu/libxcb-randr.so
libxcb-present.so.0
/usr/lib/x86_64-linux-gnu/libxcb-present.so.0
libxcb-present.so
/usr/lib/x86_64-linux-gnu/libxcb-present.so
libxcb-keysyms.so.1
/usr/lib/x86_64-linux-gnu/libxcb-keysyms.so.1
libxcb-image.so.0
/usr/lib/x86_64-linux-gnu/libxcb-image.so.0
libxcb-icccm.so.4
/usr/lib/x86_64-linux-gnu/libxcb-icccm.so.4
libxcb-glx.so.0
/usr/lib/x86_64-linux-gnu/libxcb-glx.so.0
libxcb-glx.so
/usr/lib/x86_64-linux-gnu/libxcb-glx.so
libxcb-dri3.so.0
/usr/lib/x86_64-linux-gnu/libxcb-dri3.so.0
libxcb-dri3.so
/usr/lib/x86_64-linux-gnu/libxcb-dri3.so
libxcb-dri2.so.0
/usr/lib/x86_64-linux-gnu/libxcb-dri2.so.0
libxcb-dri2.so
/usr/lib/x86_64-linux-gnu/libxcb-dri2.so
libxatracker.so.2
/usr/lib/x86_64-linux-gnu/libxatracker.so.2
libxapian.so.30
/usr/lib/x86_64-linux-gnu/libxapian.so.30
libwrap.so.0
/lib/x86_64-linux-gnu/libwrap.so.0
libwps-0.4.so.4
/usr/lib/x86_64-linux-gnu/libwps-0.4.so.4
libwpg-0.3.so.3
/usr/lib/x86_64-linux-gnu/libwpg-0.3.so.3
libwpd-0.10.so.10
/usr/lib/x86_64-linux-gnu/libwpd-0.10.so.10
libwoff2enc.so.1.0.2
/usr/lib/x86_64-linux-gnu/libwoff2enc.so.1.0.2
libwoff2dec.so.1.0.2
/usr/lib/x86_64-linux-gnu/libwoff2dec.so.1.0.2
libwoff2common.so.1.0.2
/usr/lib/x86_64-linux-gnu/libwoff2common.so.1.0.2
libwnck-3.so.0
/usr/lib/x86_64-linux-gnu/libwnck-3.so.0
libwmflite-0.2.so.7
/usr/lib/x86_64-linux-gnu/libwmflite-0.2.so.7
libwmf-0.2.so.7
/usr/lib/x86_64-linux-gnu/libwmf-0.2.so.7
libwinpr2.so.2
/usr/lib/x86_64-linux-gnu/libwinpr2.so.2
libwind.so.0
/usr/lib/x86_64-linux-gnu/libwind.so.0
libwhoopsie.so.0
/usr/lib/x86_64-linux-gnu/libwhoopsie.so.0
libwhoopsie-preferences.so.0
/usr/lib/x86_64-linux-gnu/libwhoopsie-preferences.so.0
libwebrtc_audio_processing.so.1
/usr/lib/x86_64-linux-gnu/libwebrtc_audio_processing.so.1
libwebpmux.so.3
/usr/lib/x86_64-linux-gnu/libwebpmux.so.3
libwebpdemux.so.2
/usr/lib/x86_64-linux-gnu/libwebpdemux.so.2
libwebp.so.6
/usr/lib/x86_64-linux-gnu/libwebp.so.6
libwebkit2gtk-4.0.so.37
/usr/lib/x86_64-linux-gnu/libwebkit2gtk-4.0.so.37
libwbclient.so.0
/usr/lib/x86_64-linux-gnu/libwbclient.so.0
libwayland-server.so.0
/usr/lib/x86_64-linux-gnu/libwayland-server.so.0
libwayland-server.so
/usr/lib/x86_64-linux-gnu/libwayland-server.so
libwayland-egl.so.1
/usr/lib/x86_64-linux-gnu/libwayland-egl.so.1
libwayland-egl.so
/usr/lib/x86_64-linux-gnu/libwayland-egl.so
libwayland-cursor.so.0
/usr/lib/x86_64-linux-gnu/libwayland-cursor.so.0
libwayland-cursor.so
/usr/lib/x86_64-linux-gnu/libwayland-cursor.so
libwayland-client.so.0
/usr/lib/x86_64-linux-gnu/libwayland-client.so.0
libwayland-client.so
/usr/lib/x86_64-linux-gnu/libwayland-client.so
libwavpack.so.1
/usr/lib/x86_64-linux-gnu/libwavpack.so.1
libwacom.so.2
/usr/lib/x86_64-linux-gnu/libwacom.so.2
libv4l2rds.so.0
/usr/lib/x86_64-linux-gnu/libv4l2rds.so.0
libv4l2rds.so
/usr/lib/x86_64-linux-gnu/libv4l2rds.so
libv4l2.so.0
/usr/lib/x86_64-linux-gnu/libv4l2.so.0
libv4l2.so
/usr/lib/x86_64-linux-gnu/libv4l2.so
libv4l1.so.0
/usr/lib/x86_64-linux-gnu/libv4l1.so.0
libv4l1.so
/usr/lib/x86_64-linux-gnu/libv4l1.so
libv4lconvert.so.0
/usr/lib/x86_64-linux-gnu/libv4lconvert.so.0
libv4lconvert.so
/usr/lib/x86_64-linux-gnu/libv4lconvert.so
libvulkan_radeon.so
/usr/lib/x86_64-linux-gnu/libvulkan_radeon.so
libvulkan_intel.so
/usr/lib/x86_64-linux-gnu/libvulkan_intel.so
libvulkan.so.1
/usr/lib/x86_64-linux-gnu/libvulkan.so.1
libvte-2.91.so.0
/usr/lib/x86_64-linux-gnu/libvte-2.91.so.0
libvpx.so.5
/usr/lib/x86_64-linux-gnu/libvpx.so.5
libvorbisfile.so.3
/usr/lib/x86_64-linux-gnu/libvorbisfile.so.3
libvorbisenc.so.2
/usr/lib/x86_64-linux-gnu/libvorbisenc.so.2
libvorbis.so.0
/usr/lib/x86_64-linux-gnu/libvorbis.so.0
libvolume_key.so.1
/usr/lib/x86_64-linux-gnu/libvolume_key.so.1
libvoikko.so.1
/usr/lib/x86_64-linux-gnu/libvoikko.so.1
libvncclient.so.1
/usr/lib/x86_64-linux-gnu/libvncclient.so.1
libvlccore.so.9
/usr/lib/x86_64-linux-gnu/libvlccore.so.9
libvlc.so.5
/usr/lib/x86_64-linux-gnu/libvlc.so.5
libvisual-0.4.so.0
/usr/lib/x86_64-linux-gnu/libvisual-0.4.so.0
libvisio-0.1.so.1
/usr/lib/x86_64-linux-gnu/libvisio-0.1.so.1
libvdpau.so.1
/usr/lib/x86_64-linux-gnu/libvdpau.so.1
libva.so.2
/usr/lib/x86_64-linux-gnu/libva.so.2
libva-x11.so.2
/usr/lib/x86_64-linux-gnu/libva-x11.so.2
libva-wayland.so.2
/usr/lib/x86_64-linux-gnu/libva-wayland.so.2
libva-drm.so.2
/usr/lib/x86_64-linux-gnu/libva-drm.so.2
libuv.so.1
/usr/lib/x86_64-linux-gnu/libuv.so.1
libuv.so
/usr/lib/x86_64-linux-gnu/libuv.so
libuuid.so.1
/lib/x86_64-linux-gnu/libuuid.so.1
libuuid.so
/usr/lib/x86_64-linux-gnu/libuuid.so
libutil.so.1
/lib/x86_64-linux-gnu/libutil.so.1
libutil.so.1
/lib32/libutil.so.1
libutil.so
/usr/lib/x86_64-linux-gnu/libutil.so
libutempter.so.0
/usr/lib/x86_64-linux-gnu/libutempter.so.0
libusbredirparser.so.1
/usr/lib/x86_64-linux-gnu/libusbredirparser.so.1
libusbmuxd.so.4
/usr/lib/x86_64-linux-gnu/libusbmuxd.so.4
libusb-1.0.so.0
/lib/x86_64-linux-gnu/libusb-1.0.so.0
libupower-glib.so.3
/usr/lib/x86_64-linux-gnu/libupower-glib.so.3
libupnp.so.6
/usr/lib/x86_64-linux-gnu/libupnp.so.6
libunwind.so.8
/usr/lib/x86_64-linux-gnu/libunwind.so.8
libunwind-x86_64.so.8
/usr/lib/x86_64-linux-gnu/libunwind-x86_64.so.8
libunwind-ptrace.so.0
/usr/lib/x86_64-linux-gnu/libunwind-ptrace.so.0
libunwind-coredump.so.0
/usr/lib/x86_64-linux-gnu/libunwind-coredump.so.0
libuno_salhelpergcc3.so.3
/usr/lib/x86_64-linux-gnu/libuno_salhelpergcc3.so.3
libuno_sal.so.3
/usr/lib/x86_64-linux-gnu/libuno_sal.so.3
libuno_purpenvhelpergcc3.so.3
/usr/lib/x86_64-linux-gnu/libuno_purpenvhelpergcc3.so.3
libuno_cppuhelpergcc3.so.3
/usr/lib/x86_64-linux-gnu/libuno_cppuhelpergcc3.so.3
libuno_cppu.so.3
/usr/lib/x86_64-linux-gnu/libuno_cppu.so.3
libunity.so.9
/usr/lib/x86_64-linux-gnu/libunity.so.9
libunity-extras.so.9
/usr/lib/x86_64-linux-gnu/libunity-extras.so.9
libunistring.so.2
/usr/lib/x86_64-linux-gnu/libunistring.so.2
libumfpack.so.5
/usr/lib/x86_64-linux-gnu/libumfpack.so.5
libulockmgr.so.1
/lib/x86_64-linux-gnu/libulockmgr.so.1
libudisks2.so.0
/usr/lib/x86_64-linux-gnu/libudisks2.so.0
libudev.so.1
/lib/x86_64-linux-gnu/libudev.so.1
libudev.so
/lib/x86_64-linux-gnu/libudev.so
libubsan.so.0
/usr/lib/x86_64-linux-gnu/libubsan.so.0
libtwolame.so.0
/usr/lib/x86_64-linux-gnu/libtwolame.so.0
libtsan.so.0
/usr/lib/x86_64-linux-gnu/libtsan.so.0
libtracker-sparql-2.0.so.0
/usr/lib/x86_64-linux-gnu/libtracker-sparql-2.0.so.0
libtotem.so.0
/usr/lib/x86_64-linux-gnu/libtotem.so.0
libtotem-plparser.so.18
/usr/lib/x86_64-linux-gnu/libtotem-plparser.so.18
libtotem-plparser-mini.so.18
/usr/lib/x86_64-linux-gnu/libtotem-plparser-mini.so.18
libtinfo.so.5
/lib/x86_64-linux-gnu/libtinfo.so.5
libtinfo.so
/usr/lib/x86_64-linux-gnu/libtinfo.so
libtiffxx.so.5
/usr/lib/x86_64-linux-gnu/libtiffxx.so.5
libtiffxx.so
/usr/lib/x86_64-linux-gnu/libtiffxx.so
libtiff.so.5
/usr/lib/x86_64-linux-gnu/libtiff.so.5
libtiff.so
/usr/lib/x86_64-linux-gnu/libtiff.so
libtic.so.5
/usr/lib/x86_64-linux-gnu/libtic.so.5
libtic.so
/usr/lib/x86_64-linux-gnu/libtic.so
libthreadutil.so.6
/usr/lib/x86_64-linux-gnu/libthreadutil.so.6
libthread_db.so.1
/lib/x86_64-linux-gnu/libthread_db.so.1
libthread_db.so.1
/lib32/libthread_db.so.1
libthread_db.so
/usr/lib/x86_64-linux-gnu/libthread_db.so
libtheoraenc.so.1
/usr/lib/x86_64-linux-gnu/libtheoraenc.so.1
libtheoradec.so.1
/usr/lib/x86_64-linux-gnu/libtheoradec.so.1
libtheora.so.0
/usr/lib/x86_64-linux-gnu/libtheora.so.0
libthai.so.0
/usr/lib/x86_64-linux-gnu/libthai.so.0
libtevent.so.0
/usr/lib/x86_64-linux-gnu/libtevent.so.0
libtevent-util.so.0
/usr/lib/x86_64-linux-gnu/libtevent-util.so.0
libteamdctl.so.0
/usr/lib/x86_64-linux-gnu/libteamdctl.so.0
libtdb.so.1
/usr/lib/x86_64-linux-gnu/libtdb.so.1
libtasn1.so.6
/usr/lib/x86_64-linux-gnu/libtasn1.so.6
libtalloc.so.2
/usr/lib/x86_64-linux-gnu/libtalloc.so.2
libtag.so.1
/usr/lib/x86_64-linux-gnu/libtag.so.1
libsystemd.so.0
/lib/x86_64-linux-gnu/libsystemd.so.0
libsysmetrics.so.1
/usr/lib/x86_64-linux-gnu/libsysmetrics.so.1
libswscale.so.4
/usr/lib/x86_64-linux-gnu/libswscale.so.4
libswscale.so
/usr/lib/x86_64-linux-gnu/libswscale.so
libswresample.so.2
/usr/lib/x86_64-linux-gnu/libswresample.so.2
libswresample.so
/usr/lib/x86_64-linux-gnu/libswresample.so
libsuitesparseconfig.so.5
/usr/lib/x86_64-linux-gnu/libsuitesparseconfig.so.5
libstemmer.so.0d
/usr/lib/x86_64-linux-gnu/libstemmer.so.0d
libstdc++.so.6
/usr/lib/x86_64-linux-gnu/libstdc++.so.6
libstdc++.so.6
/usr/lib32/libstdc++.so.6
libstartup-notification-1.so.0
/usr/lib/x86_64-linux-gnu/libstartup-notification-1.so.0
libssl3.so
/usr/lib/x86_64-linux-gnu/libssl3.so
libssl.so.1.1
/usr/lib/x86_64-linux-gnu/libssl.so.1.1
libssl.so.1.0.0
/usr/lib/x86_64-linux-gnu/libssl.so.1.0.0
libssl.so
/usr/lib/x86_64-linux-gnu/libssl.so
libssh2.so.1
/usr/lib/x86_64-linux-gnu/libssh2.so.1
libssh_threads.so.4
/usr/lib/x86_64-linux-gnu/libssh_threads.so.4
libssh.so.4
/usr/lib/x86_64-linux-gnu/libssh.so.4
libssh-gcrypt_threads.so.4
/usr/lib/x86_64-linux-gnu/libssh-gcrypt_threads.so.4
libssh-gcrypt.so.4
/usr/lib/x86_64-linux-gnu/libssh-gcrypt.so.4
libss.so.2
/lib/x86_64-linux-gnu/libss.so.2
libsqlite3.so.0
/usr/lib/x86_64-linux-gnu/libsqlite3.so.0
libspice-server.so.1
/usr/lib/x86_64-linux-gnu/libspice-server.so.1
libspeexdsp.so.1
/usr/lib/x86_64-linux-gnu/libspeexdsp.so.1
libspeex.so.1
/usr/lib/x86_64-linux-gnu/libspeex.so.1
libspeechd.so.2
/usr/lib/x86_64-linux-gnu/libspeechd.so.2
libspectre.so.1
/usr/lib/x86_64-linux-gnu/libspectre.so.1
libsoxr.so.0
/usr/lib/x86_64-linux-gnu/libsoxr.so.0
libsoup-2.4.so.1
/usr/lib/x86_64-linux-gnu/libsoup-2.4.so.1
libsoup-gnome-2.4.so.1
/usr/lib/x86_64-linux-gnu/libsoup-gnome-2.4.so.1
libsonic.so.0
/usr/lib/x86_64-linux-gnu/libsonic.so.0
libsodium.so.23
/usr/lib/x86_64-linux-gnu/libsodium.so.23
libsnmp.so.30
/usr/lib/x86_64-linux-gnu/libsnmp.so.30
libsndio.so.6.1
/usr/lib/x86_64-linux-gnu/libsndio.so.6.1
libsndio.so
/usr/lib/x86_64-linux-gnu/libsndio.so
libsndfile.so.1
/usr/lib/x86_64-linux-gnu/libsndfile.so.1
libsnappy.so.1
/usr/lib/x86_64-linux-gnu/libsnappy.so.1
libsnapd-glib.so.1
/usr/lib/x86_64-linux-gnu/libsnapd-glib.so.1
libsmime3.so
/usr/lib/x86_64-linux-gnu/libsmime3.so
libsmbldap.so.2
/usr/lib/x86_64-linux-gnu/libsmbldap.so.2
libsmbios_c.so.2
/usr/lib/x86_64-linux-gnu/libsmbios_c.so.2
libsmbconf.so.0
/usr/lib/x86_64-linux-gnu/libsmbconf.so.0
libsmbclient.so.0
/usr/lib/x86_64-linux-gnu/libsmbclient.so.0
libsmartcols.so.1
/lib/x86_64-linux-gnu/libsmartcols.so.1
libslang.so.2
/lib/x86_64-linux-gnu/libslang.so.2
libsigsegv.so.2
/usr/lib/x86_64-linux-gnu/libsigsegv.so.2
libsidplay2.so.1
/usr/lib/libsidplay2.so.1
libsidplay.so.1
/usr/lib/x86_64-linux-gnu/libsidplay.so.1
libshout.so.3
/usr/lib/x86_64-linux-gnu/libshout.so.3
libshotwell-plugin-dev-1.0.so.0
/usr/lib/x86_64-linux-gnu/libshotwell-plugin-dev-1.0.so.0
libshotwell-plugin-dev-1.0.so
/usr/lib/x86_64-linux-gnu/libshotwell-plugin-dev-1.0.so
libshotwell-plugin-common.so.0
/usr/lib/x86_64-linux-gnu/libshotwell-plugin-common.so.0
libshotwell-plugin-common.so
/usr/lib/x86_64-linux-gnu/libshotwell-plugin-common.so
libshotwell-authenticator.so.0
/usr/lib/x86_64-linux-gnu/libshotwell-authenticator.so.0
libshotwell-authenticator.so
/usr/lib/x86_64-linux-gnu/libshotwell-authenticator.so
libshine.so.3
/usr/lib/x86_64-linux-gnu/libshine.so.3
libsgutils2.so.2
/usr/lib/x86_64-linux-gnu/libsgutils2.so.2
libsepol.so.1
/lib/x86_64-linux-gnu/libsepol.so.1
libsensors.so.4
/usr/lib/x86_64-linux-gnu/libsensors.so.4
libsemanage.so.1
/usr/lib/x86_64-linux-gnu/libsemanage.so.1
libselinux.so.1
/lib/x86_64-linux-gnu/libselinux.so.1
libsecret-1.so.0
/usr/lib/x86_64-linux-gnu/libsecret-1.so.0
libseccomp.so.2
/lib/x86_64-linux-gnu/libseccomp.so.2
libsbc.so.1
/usr/lib/x86_64-linux-gnu/libsbc.so.1
libsasl2.so.2
/usr/lib/x86_64-linux-gnu/libsasl2.so.2
libsane.so.1
/usr/lib/x86_64-linux-gnu/libsane.so.1
libsamplerate.so.0
/usr/lib/x86_64-linux-gnu/libsamplerate.so.0
libsamdb.so.0
/usr/lib/x86_64-linux-gnu/libsamdb.so.0
libsamba-util.so.0
/usr/lib/x86_64-linux-gnu/libsamba-util.so.0
libsamba-policy.so.0
/usr/lib/x86_64-linux-gnu/libsamba-policy.so.0
libsamba-passdb.so.0
/usr/lib/x86_64-linux-gnu/libsamba-passdb.so.0
libsamba-hostconfig.so.0
/usr/lib/x86_64-linux-gnu/libsamba-hostconfig.so.0
libsamba-errors.so.1
/usr/lib/x86_64-linux-gnu/libsamba-errors.so.1
libsamba-credentials.so.0
/usr/lib/x86_64-linux-gnu/libsamba-credentials.so.0
libruby-2.5.so.2.5
/usr/lib/x86_64-linux-gnu/libruby-2.5.so.2.5
librubberband.so.2
/usr/lib/x86_64-linux-gnu/librubberband.so.2
librtmp.so.1
/usr/lib/x86_64-linux-gnu/librtmp.so.1
librt.so.1
/lib/x86_64-linux-gnu/librt.so.1
librt.so.1
/lib32/librt.so.1
librt.so
/usr/lib/x86_64-linux-gnu/librt.so
librsvg-2.so.2
/usr/lib/x86_64-linux-gnu/librsvg-2.so.2
librom1394.so.0
/usr/lib/x86_64-linux-gnu/librom1394.so.0
libroken.so.18
/usr/lib/x86_64-linux-gnu/libroken.so.18
librhythmbox-core.so.10
/usr/lib/x86_64-linux-gnu/librhythmbox-core.so.10
librhash.so.0
/usr/lib/x86_64-linux-gnu/librhash.so.0
librevenge-0.0.so.0
/usr/lib/x86_64-linux-gnu/librevenge-0.0.so.0
librevenge-stream-0.0.so.0
/usr/lib/x86_64-linux-gnu/librevenge-stream-0.0.so.0
librevenge-generators-0.0.so.0
/usr/lib/x86_64-linux-gnu/librevenge-generators-0.0.so.0
librest-0.7.so.0
/usr/lib/x86_64-linux-gnu/librest-0.7.so.0
libresolv.so.2
/lib/x86_64-linux-gnu/libresolv.so.2
libresolv.so.2
/lib32/libresolv.so.2
libresolv.so
/usr/lib/x86_64-linux-gnu/libresolv.so
libresid-builder.so.0
/usr/lib/libresid-builder.so.0
libreadline.so.7
/lib/x86_64-linux-gnu/libreadline.so.7
libreadline.so.5
/lib/x86_64-linux-gnu/libreadline.so.5
librdmacm.so.1
/usr/lib/x86_64-linux-gnu/librdmacm.so.1
librdf.so.0
/usr/lib/x86_64-linux-gnu/librdf.so.0
librbd.so.1
/usr/lib/x86_64-linux-gnu/librbd.so.1
libraw1394.so.11
/usr/lib/x86_64-linux-gnu/libraw1394.so.11
libraw_r.so.16
/usr/lib/x86_64-linux-gnu/libraw_r.so.16
libraw.so.16
/usr/lib/x86_64-linux-gnu/libraw.so.16
librasqal.so.3
/usr/lib/x86_64-linux-gnu/librasqal.so.3
libraptor2.so.0
/usr/lib/x86_64-linux-gnu/libraptor2.so.0
librados.so.2
/usr/lib/x86_64-linux-gnu/librados.so.2
libquadmath.so.0
/usr/lib/x86_64-linux-gnu/libquadmath.so.0
libqqwing.so.2
/usr/lib/x86_64-linux-gnu/libqqwing.so.2
libqpdf.so.21
/usr/lib/x86_64-linux-gnu/libqpdf.so.21
libqmi-glib.so.5
/usr/lib/x86_64-linux-gnu/libqmi-glib.so.5
libqca-qt5.so.2
/usr/lib/x86_64-linux-gnu/libqca-qt5.so.2
libp11-kit.so.0
/usr/lib/x86_64-linux-gnu/libp11-kit.so.0
libpython3.6m.so.1.0
/usr/lib/x86_64-linux-gnu/libpython3.6m.so.1.0
libpython3.6m.so
/usr/lib/x86_64-linux-gnu/libpython3.6m.so
libpython2.7.so.1.0
/usr/lib/x86_64-linux-gnu/libpython2.7.so.1.0
libpytalloc-util.so.2
/usr/lib/x86_64-linux-gnu/libpytalloc-util.so.2
libpyglib-2.0-python2.7.so.0
/usr/lib/x86_64-linux-gnu/libpyglib-2.0-python2.7.so.0
libpwquality.so.1
/usr/lib/x86_64-linux-gnu/libpwquality.so.1
libpulse.so.0
/usr/lib/x86_64-linux-gnu/libpulse.so.0
libpulse.so
/usr/lib/x86_64-linux-gnu/libpulse.so
libpulse-simple.so.0
/usr/lib/x86_64-linux-gnu/libpulse-simple.so.0
libpulse-simple.so
/usr/lib/x86_64-linux-gnu/libpulse-simple.so
libpulse-mainloop-glib.so.0
/usr/lib/x86_64-linux-gnu/libpulse-mainloop-glib.so.0
libpulse-mainloop-glib.so
/usr/lib/x86_64-linux-gnu/libpulse-mainloop-glib.so
libpthread.so.0
/lib/x86_64-linux-gnu/libpthread.so.0
libpthread.so.0
/lib32/libpthread.so.0
libpspell.so.15
/usr/lib/x86_64-linux-gnu/libpspell.so.15
libpsl.so.5
/usr/lib/x86_64-linux-gnu/libpsl.so.5
libproxy.so.1
/usr/lib/x86_64-linux-gnu/libproxy.so.1
libprotoc.so.10
/usr/lib/x86_64-linux-gnu/libprotoc.so.10
libprotoc.so
/usr/lib/x86_64-linux-gnu/libprotoc.so
libprotobuf.so.10
/usr/lib/x86_64-linux-gnu/libprotobuf.so.10
libprotobuf.so
/usr/lib/x86_64-linux-gnu/libprotobuf.so
libprotobuf-lite.so.10
/usr/lib/x86_64-linux-gnu/libprotobuf-lite.so.10
libprotobuf-lite.so
/usr/lib/x86_64-linux-gnu/libprotobuf-lite.so
libprocps.so.6
/lib/x86_64-linux-gnu/libprocps.so.6
libpostproc.so.54
/usr/lib/x86_64-linux-gnu/libpostproc.so.54
libpopt.so.0
/usr/lib/x86_64-linux-gnu/libpopt.so.0
libpoppler.so.73
/usr/lib/x86_64-linux-gnu/libpoppler.so.73
libpoppler-glib.so.8
/usr/lib/x86_64-linux-gnu/libpoppler-glib.so.8
libpolkit-qt5-gui-1.so.1
/usr/lib/x86_64-linux-gnu/libpolkit-qt5-gui-1.so.1
libpolkit-qt5-core-1.so.1
/usr/lib/x86_64-linux-gnu/libpolkit-qt5-core-1.so.1
libpolkit-qt5-agent-1.so.1
/usr/lib/x86_64-linux-gnu/libpolkit-qt5-agent-1.so.1
libpolkit-gobject-1.so.0
/usr/lib/x86_64-linux-gnu/libpolkit-gobject-1.so.0
libpolkit-backend-1.so.0
/usr/lib/x86_64-linux-gnu/libpolkit-backend-1.so.0
libpolkit-agent-1.so.0
/usr/lib/x86_64-linux-gnu/libpolkit-agent-1.so.0
libpng16.so.16
/usr/lib/x86_64-linux-gnu/libpng16.so.16
libpng16.so
/usr/lib/x86_64-linux-gnu/libpng16.so
libply.so.4
/lib/x86_64-linux-gnu/libply.so.4
libply-splash-graphics.so.4
/lib/x86_64-linux-gnu/libply-splash-graphics.so.4
libply-splash-core.so.4
/lib/x86_64-linux-gnu/libply-splash-core.so.4
libply-boot-client.so.4
/lib/x86_64-linux-gnu/libply-boot-client.so.4
libplist.so.3
/usr/lib/x86_64-linux-gnu/libplist.so.3
libplds4.so
/usr/lib/x86_64-linux-gnu/libplds4.so
libplc4.so
/usr/lib/x86_64-linux-gnu/libplc4.so
libplacebo.so.4
/usr/lib/x86_64-linux-gnu/libplacebo.so.4
libpixman-1.so.0
/usr/lib/x86_64-linux-gnu/libpixman-1.so.0
libpixman-1.so
/usr/lib/x86_64-linux-gnu/libpixman-1.so
libpipeline.so.1
/usr/lib/x86_64-linux-gnu/libpipeline.so.1
libphonon4qt5.so.4
/usr/lib/x86_64-linux-gnu/libphonon4qt5.so.4
libphonenumber.so.7
/usr/lib/x86_64-linux-gnu/libphonenumber.so.7
libpgm-5.2.so.0
/usr/lib/x86_64-linux-gnu/libpgm-5.2.so.0
libperl.so.5.26
/usr/lib/x86_64-linux-gnu/libperl.so.5.26
libpeas-1.0.so.0
/usr/lib/x86_64-linux-gnu/libpeas-1.0.so.0
libpeas-gtk-1.0.so.0
/usr/lib/x86_64-linux-gnu/libpeas-gtk-1.0.so.0
libpcsclite.so.1
/usr/lib/x86_64-linux-gnu/libpcsclite.so.1
libpcre32.so.3
/usr/lib/x86_64-linux-gnu/libpcre32.so.3
libpcre32.so
/usr/lib/x86_64-linux-gnu/libpcre32.so
libpcre16.so.3
/usr/lib/x86_64-linux-gnu/libpcre16.so.3
libpcre16.so
/usr/lib/x86_64-linux-gnu/libpcre16.so
libpcreposix.so.3
/usr/lib/x86_64-linux-gnu/libpcreposix.so.3
libpcreposix.so
/usr/lib/x86_64-linux-gnu/libpcreposix.so
libpcrecpp.so.0
/usr/lib/x86_64-linux-gnu/libpcrecpp.so.0
libpcrecpp.so
/usr/lib/x86_64-linux-gnu/libpcrecpp.so
libpcre.so.3
/lib/x86_64-linux-gnu/libpcre.so.3
libpcre.so
/usr/lib/x86_64-linux-gnu/libpcre.so
libpcprofile.so
/lib/x86_64-linux-gnu/libpcprofile.so
libpcprofile.so
/lib32/libpcprofile.so
libpciaccess.so.0
/usr/lib/x86_64-linux-gnu/libpciaccess.so.0
libpci.so.3
/lib/x86_64-linux-gnu/libpci.so.3
libpcaudio.so.0
/usr/lib/x86_64-linux-gnu/libpcaudio.so.0
libpcap.so.0.8
/usr/lib/x86_64-linux-gnu/libpcap.so.0.8
libparted.so.2
/lib/x86_64-linux-gnu/libparted.so.2
libparted-fs-resize.so.0
/lib/x86_64-linux-gnu/libparted-fs-resize.so.0
libpaper.so.1
/usr/lib/x86_64-linux-gnu/libpaper.so.1
libpangoxft-1.0.so.0
/usr/lib/x86_64-linux-gnu/libpangoxft-1.0.so.0
libpangoxft-1.0.so
/usr/lib/x86_64-linux-gnu/libpangoxft-1.0.so
libpangoft2-1.0.so.0
/usr/lib/x86_64-linux-gnu/libpangoft2-1.0.so.0
libpangoft2-1.0.so
/usr/lib/x86_64-linux-gnu/libpangoft2-1.0.so
libpangocairo-1.0.so.0
/usr/lib/x86_64-linux-gnu/libpangocairo-1.0.so.0
libpangocairo-1.0.so
/usr/lib/x86_64-linux-gnu/libpangocairo-1.0.so
libpango-1.0.so.0
/usr/lib/x86_64-linux-gnu/libpango-1.0.so.0
libpango-1.0.so
/usr/lib/x86_64-linux-gnu/libpango-1.0.so
libpanelw.so.5
/usr/lib/x86_64-linux-gnu/libpanelw.so.5
libpanel.so.5
/usr/lib/x86_64-linux-gnu/libpanel.so.5
libpamc.so.0
/lib/x86_64-linux-gnu/libpamc.so.0
libpam_misc.so.0
/lib/x86_64-linux-gnu/libpam_misc.so.0
libpam.so.0
/lib/x86_64-linux-gnu/libpam.so.0
libpagemaker-0.0.so.0
/usr/lib/x86_64-linux-gnu/libpagemaker-0.0.so.0
libpackagekit-glib2.so.18
/usr/lib/x86_64-linux-gnu/libpackagekit-glib2.so.18
libostree-1.so.1
/usr/lib/x86_64-linux-gnu/libostree-1.so.1
liborcus-0.13.so.0
/usr/lib/x86_64-linux-gnu/liborcus-0.13.so.0
liborcus-parser-0.13.so.0
/usr/lib/x86_64-linux-gnu/liborcus-parser-0.13.so.0
liborcus-mso-0.13.so.0
/usr/lib/x86_64-linux-gnu/liborcus-mso-0.13.so.0
liborc-0.4.so.0
/usr/lib/x86_64-linux-gnu/liborc-0.4.so.0
liborc-test-0.4.so.0
/usr/lib/x86_64-linux-gnu/liborc-test-0.4.so.0
libopus.so.0
/usr/lib/x86_64-linux-gnu/libopus.so.0
libopenmpt_modplug.so.1
/usr/lib/x86_64-linux-gnu/libopenmpt_modplug.so.1
libopenmpt.so.0
/usr/lib/x86_64-linux-gnu/libopenmpt.so.0
libopenjp2.so.7
/usr/lib/x86_64-linux-gnu/libopenjp2.so.7
libopencv_videoio.so.4.5
/usr/local/lib/libopencv_videoio.so.4.5
libopencv_videoio.so
/usr/local/lib/libopencv_videoio.so
libopencv_video.so.4.5
/usr/local/lib/libopencv_video.so.4.5
libopencv_video.so
/usr/local/lib/libopencv_video.so
libopencv_stitching.so.4.5
/usr/local/lib/libopencv_stitching.so.4.5
libopencv_stitching.so
/usr/local/lib/libopencv_stitching.so
libopencv_photo.so.4.5
/usr/local/lib/libopencv_photo.so.4.5
libopencv_photo.so
/usr/local/lib/libopencv_photo.so
libopencv_objdetect.so.4.5
/usr/local/lib/libopencv_objdetect.so.4.5
libopencv_objdetect.so
/usr/local/lib/libopencv_objdetect.so
libopencv_ml.so.4.5
/usr/local/lib/libopencv_ml.so.4.5
libopencv_ml.so
/usr/local/lib/libopencv_ml.so
libopencv_imgproc.so.4.5
/usr/local/lib/libopencv_imgproc.so.4.5
libopencv_imgproc.so
/usr/local/lib/libopencv_imgproc.so
libopencv_imgcodecs.so.4.5
/usr/local/lib/libopencv_imgcodecs.so.4.5
libopencv_imgcodecs.so
/usr/local/lib/libopencv_imgcodecs.so
libopencv_highgui.so.4.5
/usr/local/lib/libopencv_highgui.so.4.5
libopencv_highgui.so
/usr/local/lib/libopencv_highgui.so
libopencv_gapi.so.4.5
/usr/local/lib/libopencv_gapi.so.4.5
libopencv_gapi.so
/usr/local/lib/libopencv_gapi.so
libopencv_flann.so.4.5
/usr/local/lib/libopencv_flann.so.4.5
libopencv_flann.so
/usr/local/lib/libopencv_flann.so
libopencv_features2d.so.4.5
/usr/local/lib/libopencv_features2d.so.4.5
libopencv_features2d.so
/usr/local/lib/libopencv_features2d.so
libopencv_dnn.so.4.5
/usr/local/lib/libopencv_dnn.so.4.5
libopencv_dnn.so
/usr/local/lib/libopencv_dnn.so
libopencv_core.so.4.5
/usr/local/lib/libopencv_core.so.4.5
libopencv_core.so
/usr/local/lib/libopencv_core.so
libopencv_calib3d.so.4.5
/usr/local/lib/libopencv_calib3d.so.4.5
libopencv_calib3d.so
/usr/local/lib/libopencv_calib3d.so
libopencore-amrwb.so.0
/usr/lib/x86_64-linux-gnu/libopencore-amrwb.so.0
libopencore-amrnb.so.0
/usr/lib/x86_64-linux-gnu/libopencore-amrnb.so.0
libopcodes-2.30-system.so
/usr/lib/x86_64-linux-gnu/libopcodes-2.30-system.so
libokteta2gui.so.2
/usr/lib/x86_64-linux-gnu/libokteta2gui.so.2
libokteta2core.so.2
/usr/lib/x86_64-linux-gnu/libokteta2core.so.2
libogg.so.0
/usr/lib/x86_64-linux-gnu/libogg.so.0
libodfgen-0.1.so.1
/usr/lib/x86_64-linux-gnu/libodfgen-0.1.so.1
libobjc_gc.so.4
/usr/lib/x86_64-linux-gnu/libobjc_gc.so.4
libobjc.so.4
/usr/lib/x86_64-linux-gnu/libobjc.so.4
liboauth.so.0
/usr/lib/x86_64-linux-gnu/liboauth.so.0
libnuma.so.1
/usr/lib/x86_64-linux-gnu/libnuma.so.1
libntfs-3g.so.88
/lib/x86_64-linux-gnu/libntfs-3g.so.88
libnss3.so
/usr/lib/x86_64-linux-gnu/libnss3.so
libnssutil3.so
/usr/lib/x86_64-linux-gnu/libnssutil3.so
libnss_systemd.so.2
/lib/x86_64-linux-gnu/libnss_systemd.so.2
libnss_nisplus.so.2
/lib/x86_64-linux-gnu/libnss_nisplus.so.2
libnss_nisplus.so.2
/lib32/libnss_nisplus.so.2
libnss_nisplus.so
/usr/lib/x86_64-linux-gnu/libnss_nisplus.so
libnss_nis.so.2
/lib/x86_64-linux-gnu/libnss_nis.so.2
libnss_nis.so.2
/lib32/libnss_nis.so.2
libnss_nis.so
/usr/lib/x86_64-linux-gnu/libnss_nis.so
libnss_myhostname.so.2
/lib/x86_64-linux-gnu/libnss_myhostname.so.2
libnss_mdns6_minimal.so.2
/lib/x86_64-linux-gnu/libnss_mdns6_minimal.so.2
libnss_mdns6.so.2
/lib/x86_64-linux-gnu/libnss_mdns6.so.2
libnss_mdns4_minimal.so.2
/lib/x86_64-linux-gnu/libnss_mdns4_minimal.so.2
libnss_mdns4.so.2
/lib/x86_64-linux-gnu/libnss_mdns4.so.2
libnss_mdns_minimal.so.2
/lib/x86_64-linux-gnu/libnss_mdns_minimal.so.2
libnss_mdns.so.2
/lib/x86_64-linux-gnu/libnss_mdns.so.2
libnss_hesiod.so.2
/lib/x86_64-linux-gnu/libnss_hesiod.so.2
libnss_hesiod.so.2
/lib32/libnss_hesiod.so.2
libnss_hesiod.so
/usr/lib/x86_64-linux-gnu/libnss_hesiod.so
libnss_files.so.2
/lib/x86_64-linux-gnu/libnss_files.so.2
libnss_files.so.2
/lib32/libnss_files.so.2
libnss_files.so
/usr/lib/x86_64-linux-gnu/libnss_files.so
libnss_dns.so.2
/lib/x86_64-linux-gnu/libnss_dns.so.2
libnss_dns.so.2
/lib32/libnss_dns.so.2
libnss_dns.so
/usr/lib/x86_64-linux-gnu/libnss_dns.so
libnss_compat.so.2
/lib/x86_64-linux-gnu/libnss_compat.so.2
libnss_compat.so.2
/lib32/libnss_compat.so.2
libnss_compat.so
/usr/lib/x86_64-linux-gnu/libnss_compat.so
libnspr4.so
/usr/lib/x86_64-linux-gnu/libnspr4.so
libnsl.so.1
/lib/x86_64-linux-gnu/libnsl.so.1
libnsl.so.1
/lib32/libnsl.so.1
libnsl.so
/usr/lib/x86_64-linux-gnu/libnsl.so
libnpth.so.0
/usr/lib/x86_64-linux-gnu/libnpth.so.0
libnotify.so.4
/usr/lib/x86_64-linux-gnu/libnotify.so.4
libnorm.so.1
/usr/lib/x86_64-linux-gnu/libnorm.so.1
libnma.so.0
/usr/lib/x86_64-linux-gnu/libnma.so.0
libnm.so.0
/usr/lib/x86_64-linux-gnu/libnm.so.0
libnl-3.so.200
/lib/x86_64-linux-gnu/libnl-3.so.200
libnl-route-3.so.200
/usr/lib/x86_64-linux-gnu/libnl-route-3.so.200
libnl-genl-3.so.200
/lib/x86_64-linux-gnu/libnl-genl-3.so.200
libnih.so.1
/lib/x86_64-linux-gnu/libnih.so.1
libnghttp2.so.14
/usr/lib/x86_64-linux-gnu/libnghttp2.so.14
libnfs.so.11
/usr/lib/x86_64-linux-gnu/libnfs.so.11
libnfnetlink.so.0
/usr/lib/x86_64-linux-gnu/libnfnetlink.so.0
libnewt.so.0.52
/lib/x86_64-linux-gnu/libnewt.so.0.52
libnettle.so.6
/usr/lib/x86_64-linux-gnu/libnettle.so.6
libnetsnmptrapd.so.30
/usr/lib/x86_64-linux-gnu/libnetsnmptrapd.so.30
libnetsnmpmibs.so.30
/usr/lib/x86_64-linux-gnu/libnetsnmpmibs.so.30
libnetsnmphelpers.so.30
/usr/lib/x86_64-linux-gnu/libnetsnmphelpers.so.30
libnetsnmpagent.so.30
/usr/lib/x86_64-linux-gnu/libnetsnmpagent.so.30
libnetsnmp.so.30
/usr/lib/x86_64-linux-gnu/libnetsnmp.so.30
libnetplan.so.0.0
/usr/lib/x86_64-linux-gnu/libnetplan.so.0.0
libnetpbm.so.10
/usr/lib/libnetpbm.so.10
libnetfilter_conntrack.so.3
/usr/lib/x86_64-linux-gnu/libnetfilter_conntrack.so.3
libnetapi.so.0
/usr/lib/x86_64-linux-gnu/libnetapi.so.0
libneon-gnutls.so.27
/usr/lib/x86_64-linux-gnu/libneon-gnutls.so.27
libndr.so.0
/usr/lib/x86_64-linux-gnu/libndr.so.0
libndr-standard.so.0
/usr/lib/x86_64-linux-gnu/libndr-standard.so.0
libndr-nbt.so.0
/usr/lib/x86_64-linux-gnu/libndr-nbt.so.0
libndr-krb5pac.so.0
/usr/lib/x86_64-linux-gnu/libndr-krb5pac.so.0
libndp.so.0
/usr/lib/x86_64-linux-gnu/libndp.so.0
libncursesw.so.5
/lib/x86_64-linux-gnu/libncursesw.so.5
libncurses.so.5
/lib/x86_64-linux-gnu/libncurses.so.5
libnautilus-extension.so.1
/usr/lib/x86_64-linux-gnu/libnautilus-extension.so.1
libnatpmp.so.1
/usr/lib/libnatpmp.so.1
libmythes-1.2.so.0
/usr/lib/x86_64-linux-gnu/libmythes-1.2.so.0
libmysofa.so.0
/usr/lib/x86_64-linux-gnu/libmysofa.so.0
libmwaw-0.3.so.3
/usr/lib/x86_64-linux-gnu/libmwaw-0.3.so.3
libmvec.so.1
/lib/x86_64-linux-gnu/libmvec.so.1
libmvec.so
/usr/lib/x86_64-linux-gnu/libmvec.so
libmutter-2.so.0
/usr/lib/x86_64-linux-gnu/libmutter-2.so.0
libmtp.so.9
/usr/lib/x86_64-linux-gnu/libmtp.so.9
libmtdev.so.1
/usr/lib/x86_64-linux-gnu/libmtdev.so.1
libmspub-0.1.so.1
/usr/lib/x86_64-linux-gnu/libmspub-0.1.so.1
libmspack.so.0
/usr/lib/x86_64-linux-gnu/libmspack.so.0
libmp3lame.so.0
/usr/lib/x86_64-linux-gnu/libmp3lame.so.0
libmpxwrappers.so.2
/usr/lib/x86_64-linux-gnu/libmpxwrappers.so.2
libmpx.so.2
/usr/lib/x86_64-linux-gnu/libmpx.so.2
libmpg123.so.0
/usr/lib/x86_64-linux-gnu/libmpg123.so.0
libmpfr.so.6
/usr/lib/x86_64-linux-gnu/libmpfr.so.6
libmpeg2convert.so.0
/usr/lib/x86_64-linux-gnu/libmpeg2convert.so.0
libmpeg2.so.0
/usr/lib/x86_64-linux-gnu/libmpeg2.so.0
libmpdec.so.2
/usr/lib/x86_64-linux-gnu/libmpdec.so.2
libmpcdec.so.6
/usr/lib/x86_64-linux-gnu/libmpcdec.so.6
libmpc.so.3
/usr/lib/x86_64-linux-gnu/libmpc.so.3
libmozjs-52.so.0
/usr/lib/x86_64-linux-gnu/libmozjs-52.so.0
libmount.so.1
/lib/x86_64-linux-gnu/libmount.so.1
libmnl.so.0
/lib/x86_64-linux-gnu/libmnl.so.0
libmng.so.2
/usr/lib/x86_64-linux-gnu/libmng.so.2
libmm-glib.so.0
/usr/lib/x86_64-linux-gnu/libmm-glib.so.0
libmlx5.so.1
/usr/lib/x86_64-linux-gnu/libmlx5.so.1
libmlx4.so.1
/usr/lib/x86_64-linux-gnu/libmlx4.so.1
libmirprotobuf.so.3
/usr/lib/x86_64-linux-gnu/libmirprotobuf.so.3
libmircore.so.1
/usr/lib/x86_64-linux-gnu/libmircore.so.1
libmircore.so
/usr/lib/x86_64-linux-gnu/libmircore.so
libmircookie.so.2
/usr/lib/x86_64-linux-gnu/libmircookie.so.2
libmircookie.so
/usr/lib/x86_64-linux-gnu/libmircookie.so
libmircommon.so.7
/usr/lib/x86_64-linux-gnu/libmircommon.so.7
libmircommon.so
/usr/lib/x86_64-linux-gnu/libmircommon.so
libmirclient.so.9
/usr/lib/x86_64-linux-gnu/libmirclient.so.9
libmirclient.so
/usr/lib/x86_64-linux-gnu/libmirclient.so
libminiupnpc.so.10
/usr/lib/x86_64-linux-gnu/libminiupnpc.so.10
libmicrodns.so.0
/usr/lib/x86_64-linux-gnu/libmicrodns.so.0
libmhash.so.2
/usr/lib/x86_64-linux-gnu/libmhash.so.2
libmetis.so.5
/usr/lib/x86_64-linux-gnu/libmetis.so.5
libmessaging-menu.so.0
/usr/lib/x86_64-linux-gnu/libmessaging-menu.so.0
libmenuw.so.5
/usr/lib/x86_64-linux-gnu/libmenuw.so.5
libmenu.so.5
/usr/lib/x86_64-linux-gnu/libmenu.so.5
libmemusage.so
/lib/x86_64-linux-gnu/libmemusage.so
libmemusage.so
/lib32/libmemusage.so
libmediaart-2.0.so.0
/usr/lib/x86_64-linux-gnu/libmediaart-2.0.so.0
libmbim-glib.so.4
/usr/lib/x86_64-linux-gnu/libmbim-glib.so.4
libmatroska.so.6
/usr/lib/x86_64-linux-gnu/libmatroska.so.6
libmagic.so.1
/usr/lib/x86_64-linux-gnu/libmagic.so.1
libmad.so.0
/usr/lib/x86_64-linux-gnu/libmad.so.0
libm.so.6
/lib/x86_64-linux-gnu/libm.so.6
libm.so.6
/lib32/libm.so.6
liblz4.so.1
/usr/lib/x86_64-linux-gnu/liblz4.so.1
liblzo2.so.2
/lib/x86_64-linux-gnu/liblzo2.so.2
liblzma.so.5
/lib/x86_64-linux-gnu/liblzma.so.5
liblzma.so
/usr/lib/x86_64-linux-gnu/liblzma.so
liblwres.so.160
/usr/lib/x86_64-linux-gnu/liblwres.so.160
liblvm2cmd.so.2.02
/lib/x86_64-linux-gnu/liblvm2cmd.so.2.02
liblvm2app.so.2.2
/lib/x86_64-linux-gnu/liblvm2app.so.2.2
liblua5.3.so.0
/usr/lib/x86_64-linux-gnu/liblua5.3.so.0
liblua5.3-c++.so.0
/usr/lib/x86_64-linux-gnu/liblua5.3-c++.so.0
liblua5.2.so.0
/usr/lib/x86_64-linux-gnu/liblua5.2.so.0
liblua5.2-c++.so.0
/usr/lib/x86_64-linux-gnu/liblua5.2-c++.so.0
libltdl.so.7
/usr/lib/x86_64-linux-gnu/libltdl.so.7
libltdl.so
/usr/lib/x86_64-linux-gnu/libltdl.so
liblsan.so.0
/usr/lib/x86_64-linux-gnu/liblsan.so.0
liblqr-1.so.0
/usr/lib/x86_64-linux-gnu/liblqr-1.so.0
liblouisutdml.so.8
/usr/lib/x86_64-linux-gnu/liblouisutdml.so.8
liblouis.so.14
/usr/lib/x86_64-linux-gnu/liblouis.so.14
libliveMedia.so.62
/usr/lib/x86_64-linux-gnu/libliveMedia.so.62
liblirc_client.so.0
/usr/lib/x86_64-linux-gnu/liblirc_client.so.0
libldb.so.1
/usr/lib/x86_64-linux-gnu/libldb.so.1
libldap_r-2.4.so.2
/usr/lib/x86_64-linux-gnu/libldap_r-2.4.so.2
liblcms2.so.2
/usr/lib/x86_64-linux-gnu/liblcms2.so.2
liblber-2.4.so.2
/usr/lib/x86_64-linux-gnu/liblber-2.4.so.2
liblapack_atlas.so.3
/usr/lib/x86_64-linux-gnu/liblapack_atlas.so.3
liblapack_atlas.so
/usr/lib/x86_64-linux-gnu/liblapack_atlas.so
liblapack.so.3
/usr/lib/x86_64-linux-gnu/liblapack.so.3
liblapack.so
/usr/lib/x86_64-linux-gnu/liblapack.so
liblangtag.so.1
/usr/lib/x86_64-linux-gnu/liblangtag.so.1
libk5crypto.so.3
/usr/lib/x86_64-linux-gnu/libk5crypto.so.3
libkwalletbackend5.so.5
/usr/lib/x86_64-linux-gnu/libkwalletbackend5.so.5
libksba.so.8
/usr/lib/x86_64-linux-gnu/libksba.so.8
libkrb5support.so.0
/usr/lib/x86_64-linux-gnu/libkrb5support.so.0
libkrb5.so.26
/usr/lib/x86_64-linux-gnu/libkrb5.so.26
libkrb5.so.3
/usr/lib/x86_64-linux-gnu/libkrb5.so.3
libkpathsea.so.6
/usr/lib/x86_64-linux-gnu/libkpathsea.so.6
libkmod.so.2
/lib/x86_64-linux-gnu/libkmod.so.2
libkj-0.6.1.so
/usr/lib/x86_64-linux-gnu/libkj-0.6.1.so
libkj-async-0.6.1.so
/usr/lib/x86_64-linux-gnu/libkj-async-0.6.1.so
libkeyutils.so.1
/lib/x86_64-linux-gnu/libkeyutils.so.1
libkdeinit5_klauncher.so
/usr/lib/x86_64-linux-gnu/libkdeinit5_klauncher.so
libkate.so.1
/usr/lib/x86_64-linux-gnu/libkate.so.1
libkasten3okteta1gui.so.1
/usr/lib/x86_64-linux-gnu/libkasten3okteta1gui.so.1
libkasten3okteta1core.so.1
/usr/lib/x86_64-linux-gnu/libkasten3okteta1core.so.1
libkasten3okteta1controllers.so.1
/usr/lib/x86_64-linux-gnu/libkasten3okteta1controllers.so.1
libkasten3gui.so.3
/usr/lib/x86_64-linux-gnu/libkasten3gui.so.3
libkasten3core.so.3
/usr/lib/x86_64-linux-gnu/libkasten3core.so.3
libkasten3controllers.so.3
/usr/lib/x86_64-linux-gnu/libkasten3controllers.so.3
libjsoncpp.so.1
/usr/lib/x86_64-linux-gnu/libjsoncpp.so.1
libjson-glib-1.0.so.0
/usr/lib/x86_64-linux-gnu/libjson-glib-1.0.so.0
libjson-c.so.3
/lib/x86_64-linux-gnu/libjson-c.so.3
libjpeg.so.8
/usr/lib/x86_64-linux-gnu/libjpeg.so.8
libjpeg.so
/usr/lib/x86_64-linux-gnu/libjpeg.so
libjbig2dec.so.0
/usr/lib/x86_64-linux-gnu/libjbig2dec.so.0
libjbig.so.0
/usr/lib/x86_64-linux-gnu/libjbig.so.0
libjbig.so
/usr/lib/x86_64-linux-gnu/libjbig.so
libjavascriptcoregtk-4.0.so.18
/usr/lib/x86_64-linux-gnu/libjavascriptcoregtk-4.0.so.18
libjansson.so.4
/usr/lib/x86_64-linux-gnu/libjansson.so.4
libjackserver.so.0
/usr/lib/x86_64-linux-gnu/libjackserver.so.0
libjacknet.so.0
/usr/lib/x86_64-linux-gnu/libjacknet.so.0
libjack.so.0
/usr/lib/x86_64-linux-gnu/libjack.so.0
libixml.so.2
/usr/lib/x86_64-linux-gnu/libixml.so.2
libiw.so.30
/lib/x86_64-linux-gnu/libiw.so.30
libitm.so.1
/usr/lib/x86_64-linux-gnu/libitm.so.1
libisl.so.19
/usr/lib/x86_64-linux-gnu/libisl.so.19
libiscsi.so.7
/usr/lib/x86_64-linux-gnu/libiscsi.so.7
libisccfg.so.160
/usr/lib/x86_64-linux-gnu/libisccfg.so.160
libisccc.so.160
/usr/lib/x86_64-linux-gnu/libisccc.so.160
libisc.so.169
/usr/lib/x86_64-linux-gnu/libisc.so.169
libisc-pkcs11.so.169
/usr/lib/x86_64-linux-gnu/libisc-pkcs11.so.169
libisc-export.so.169
/lib/x86_64-linux-gnu/libisc-export.so.169
libirs.so.160
/usr/lib/x86_64-linux-gnu/libirs.so.160
libip6tc.so.0
/usr/lib/x86_64-linux-gnu/libip6tc.so.0
libip4tc.so.0
/usr/lib/x86_64-linux-gnu/libip4tc.so.0
libiptc.so.0
/usr/lib/x86_64-linux-gnu/libiptc.so.0
libinput.so.10
/usr/lib/x86_64-linux-gnu/libinput.so.10
libinproctrace.so
/usr/lib/x86_64-linux-gnu/libinproctrace.so
libindicator3.so.7
/usr/lib/x86_64-linux-gnu/libindicator3.so.7
libimobiledevice.so.6
/usr/lib/x86_64-linux-gnu/libimobiledevice.so.6
libijs-0.35.so
/usr/lib/x86_64-linux-gnu/libijs-0.35.so
libieee1284.so.3
/usr/lib/x86_64-linux-gnu/libieee1284.so.3
libiec61883.so.0
/usr/lib/x86_64-linux-gnu/libiec61883.so.0
libidn2.so.0
/usr/lib/x86_64-linux-gnu/libidn2.so.0
libidn.so.11
/lib/x86_64-linux-gnu/libidn.so.11
libicuuc.so.60
/usr/lib/x86_64-linux-gnu/libicuuc.so.60
libicuuc.so
/usr/lib/x86_64-linux-gnu/libicuuc.so
libicutu.so.60
/usr/lib/x86_64-linux-gnu/libicutu.so.60
libicutu.so
/usr/lib/x86_64-linux-gnu/libicutu.so
libicutest.so.60
/usr/lib/x86_64-linux-gnu/libicutest.so.60
libicutest.so
/usr/lib/x86_64-linux-gnu/libicutest.so
libiculx.so.60
/usr/lib/x86_64-linux-gnu/libiculx.so.60
libiculx.so
/usr/lib/x86_64-linux-gnu/libiculx.so
libicui18n.so.60
/usr/lib/x86_64-linux-gnu/libicui18n.so.60
libicui18n.so
/usr/lib/x86_64-linux-gnu/libicui18n.so
libicuio.so.60
/usr/lib/x86_64-linux-gnu/libicuio.so.60
libicuio.so
/usr/lib/x86_64-linux-gnu/libicuio.so
libicudata.so.60
/usr/lib/x86_64-linux-gnu/libicudata.so.60
libicudata.so
/usr/lib/x86_64-linux-gnu/libicudata.so
libicu-le-hb.so.0
/usr/lib/x86_64-linux-gnu/libicu-le-hb.so.0
libicu-le-hb.so
/usr/lib/x86_64-linux-gnu/libicu-le-hb.so
libicalvcal.so.3
/usr/lib/x86_64-linux-gnu/libicalvcal.so.3
libicalss_cxx.so.3
/usr/lib/x86_64-linux-gnu/libicalss_cxx.so.3
libicalss.so.3
/usr/lib/x86_64-linux-gnu/libicalss.so.3
libical_cxx.so.3
/usr/lib/x86_64-linux-gnu/libical_cxx.so.3
libical.so.3
/usr/lib/x86_64-linux-gnu/libical.so.3
libical-glib.so.3
/usr/lib/x86_64-linux-gnu/libical-glib.so.3
libibverbs.so.1
/usr/lib/x86_64-linux-gnu/libibverbs.so.1
libibus-1.0.so.5
/usr/lib/x86_64-linux-gnu/libibus-1.0.so.5
libibus-1.0.so
/usr/lib/x86_64-linux-gnu/libibus-1.0.so
libhyphen.so.0
/usr/lib/x86_64-linux-gnu/libhyphen.so.0
libhx509.so.5
/usr/lib/x86_64-linux-gnu/libhx509.so.5
libhunspell-1.6.so.0
/usr/lib/x86_64-linux-gnu/libhunspell-1.6.so.0
libhttp_parser.so.2.7.1
/usr/lib/x86_64-linux-gnu/libhttp_parser.so.2.7.1
libhpmud.so.0
/usr/lib/x86_64-linux-gnu/libhpmud.so.0
libhpipp.so.0
/usr/lib/x86_64-linux-gnu/libhpipp.so.0
libhpip.so.0
/usr/lib/x86_64-linux-gnu/libhpip.so.0
libhpdiscovery.so.0
/usr/lib/x86_64-linux-gnu/libhpdiscovery.so.0
libhogweed.so.4
/usr/lib/x86_64-linux-gnu/libhogweed.so.4
libhistory.so.7
/lib/x86_64-linux-gnu/libhistory.so.7
libhistory.so.5
/lib/x86_64-linux-gnu/libhistory.so.5
libhfstospell.so.9
/usr/lib/x86_64-linux-gnu/libhfstospell.so.9
libheimntlm.so.0
/usr/lib/x86_64-linux-gnu/libheimntlm.so.0
libheimbase.so.1
/usr/lib/x86_64-linux-gnu/libheimbase.so.1
libhcrypto.so.4
/usr/lib/x86_64-linux-gnu/libhcrypto.so.4
libharfbuzz.so.0
/usr/lib/x86_64-linux-gnu/libharfbuzz.so.0
libharfbuzz.so
/usr/lib/x86_64-linux-gnu/libharfbuzz.so
libharfbuzz-icu.so.0
/usr/lib/x86_64-linux-gnu/libharfbuzz-icu.so.0
libharfbuzz-icu.so
/usr/lib/x86_64-linux-gnu/libharfbuzz-icu.so
libharfbuzz-gobject.so.0
/usr/lib/x86_64-linux-gnu/libharfbuzz-gobject.so.0
libharfbuzz-gobject.so
/usr/lib/x86_64-linux-gnu/libharfbuzz-gobject.so
libhardsid-builder.so.0
/usr/lib/libhardsid-builder.so.0
libgxps.so.2
/usr/lib/x86_64-linux-gnu/libgxps.so.2
libgweather-3.so.15
/usr/lib/x86_64-linux-gnu/libgweather-3.so.15
libgutenprint.so.2
/usr/lib/x86_64-linux-gnu/libgutenprint.so.2
libgusb.so.2
/usr/lib/x86_64-linux-gnu/libgusb.so.2
libguilereadline-v-18.so.18
/usr/lib/x86_64-linux-gnu/libguilereadline-v-18.so.18
libguilereadline-v-18.so
/usr/lib/x86_64-linux-gnu/libguilereadline-v-18.so
libguile-2.0.so.22
/usr/lib/x86_64-linux-gnu/libguile-2.0.so.22
libgudev-1.0.so.0
/usr/lib/x86_64-linux-gnu/libgudev-1.0.so.0
libgtop-2.0.so.11
/usr/lib/x86_64-linux-gnu/libgtop-2.0.so.11
libgtksourceview-3.0.so.1
/usr/lib/x86_64-linux-gnu/libgtksourceview-3.0.so.1
libgtk-3.so.0
/usr/lib/x86_64-linux-gnu/libgtk-3.so.0
libgtk-3.so
/usr/lib/x86_64-linux-gnu/libgtk-3.so
libgtk-x11-2.0.so.0
/usr/lib/x86_64-linux-gnu/libgtk-x11-2.0.so.0
libgtk-x11-2.0.so
/usr/lib/x86_64-linux-gnu/libgtk-x11-2.0.so
libgthread-2.0.so.0
/usr/lib/x86_64-linux-gnu/libgthread-2.0.so.0
libgthread-2.0.so
/usr/lib/x86_64-linux-gnu/libgthread-2.0.so
libgstwebrtc-1.0.so.0
/usr/lib/x86_64-linux-gnu/libgstwebrtc-1.0.so.0
libgstwayland-1.0.so.0
/usr/lib/x86_64-linux-gnu/libgstwayland-1.0.so.0
libgstvideo-1.0.so.0
/usr/lib/x86_64-linux-gnu/libgstvideo-1.0.so.0
libgsturidownloader-1.0.so.0
/usr/lib/x86_64-linux-gnu/libgsturidownloader-1.0.so.0
libgsttag-1.0.so.0
/usr/lib/x86_64-linux-gnu/libgsttag-1.0.so.0
libgstsdp-1.0.so.0
/usr/lib/x86_64-linux-gnu/libgstsdp-1.0.so.0
libgstrtsp-1.0.so.0
/usr/lib/x86_64-linux-gnu/libgstrtsp-1.0.so.0
libgstrtp-1.0.so.0
/usr/lib/x86_64-linux-gnu/libgstrtp-1.0.so.0
libgstriff-1.0.so.0
/usr/lib/x86_64-linux-gnu/libgstriff-1.0.so.0
libgstreamer-1.0.so.0
/usr/lib/x86_64-linux-gnu/libgstreamer-1.0.so.0
libgstplayer-1.0.so.0
/usr/lib/x86_64-linux-gnu/libgstplayer-1.0.so.0
libgstphotography-1.0.so.0
/usr/lib/x86_64-linux-gnu/libgstphotography-1.0.so.0
libgstpbutils-1.0.so.0
/usr/lib/x86_64-linux-gnu/libgstpbutils-1.0.so.0
libgstnet-1.0.so.0
/usr/lib/x86_64-linux-gnu/libgstnet-1.0.so.0
libgstmpegts-1.0.so.0
/usr/lib/x86_64-linux-gnu/libgstmpegts-1.0.so.0
libgstisoff-1.0.so.0
/usr/lib/x86_64-linux-gnu/libgstisoff-1.0.so.0
libgstinsertbin-1.0.so.0
/usr/lib/x86_64-linux-gnu/libgstinsertbin-1.0.so.0
libgstgl-1.0.so.0
/usr/lib/x86_64-linux-gnu/libgstgl-1.0.so.0
libgstfft-1.0.so.0
/usr/lib/x86_64-linux-gnu/libgstfft-1.0.so.0
libgstcontroller-1.0.so.0
/usr/lib/x86_64-linux-gnu/libgstcontroller-1.0.so.0
libgstcodecparsers-1.0.so.0
/usr/lib/x86_64-linux-gnu/libgstcodecparsers-1.0.so.0
libgstcheck-1.0.so.0
/usr/lib/x86_64-linux-gnu/libgstcheck-1.0.so.0
libgstbasecamerabinsrc-1.0.so.0
/usr/lib/x86_64-linux-gnu/libgstbasecamerabinsrc-1.0.so.0
libgstbase-1.0.so.0
/usr/lib/x86_64-linux-gnu/libgstbase-1.0.so.0
libgstbadvideo-1.0.so.0
/usr/lib/x86_64-linux-gnu/libgstbadvideo-1.0.so.0
libgstbadaudio-1.0.so.0
/usr/lib/x86_64-linux-gnu/libgstbadaudio-1.0.so.0
libgstaudio-1.0.so.0
/usr/lib/x86_64-linux-gnu/libgstaudio-1.0.so.0
libgstapp-1.0.so.0
/usr/lib/x86_64-linux-gnu/libgstapp-1.0.so.0
libgstallocators-1.0.so.0
/usr/lib/x86_64-linux-gnu/libgstallocators-1.0.so.0
libgstadaptivedemux-1.0.so.0
/usr/lib/x86_64-linux-gnu/libgstadaptivedemux-1.0.so.0
libgssapi_krb5.so.2
/usr/lib/x86_64-linux-gnu/libgssapi_krb5.so.2
libgssapi.so.3
/usr/lib/x86_64-linux-gnu/libgssapi.so.3
libgspell-1.so.1
/usr/lib/x86_64-linux-gnu/libgspell-1.so.1
libgsm.so.1
/usr/lib/x86_64-linux-gnu/libgsm.so.1
libgs.so.9
/usr/lib/x86_64-linux-gnu/libgs.so.9
libgroupsock.so.8
/usr/lib/x86_64-linux-gnu/libgroupsock.so.8
libgrlpls-0.3.so.0
/usr/lib/x86_64-linux-gnu/libgrlpls-0.3.so.0
libgrlnet-0.3.so.0
/usr/lib/x86_64-linux-gnu/libgrlnet-0.3.so.0
libgrilo-0.3.so.0
/usr/lib/x86_64-linux-gnu/libgrilo-0.3.so.0
libgraphite2.so.3
/usr/lib/x86_64-linux-gnu/libgraphite2.so.3
libgraphite2.so
/usr/lib/x86_64-linux-gnu/libgraphite2.so
libgraphene-1.0.so.0
/usr/lib/x86_64-linux-gnu/libgraphene-1.0.so.0
libgpod.so.4
/usr/lib/x86_64-linux-gnu/libgpod.so.4
libgpm.so.2
/usr/lib/x86_64-linux-gnu/libgpm.so.2
libgphoto2_port.so.12
/usr/lib/x86_64-linux-gnu/libgphoto2_port.so.12
libgphoto2.so.6
/usr/lib/x86_64-linux-gnu/libgphoto2.so.6
libgpgmepp.so.6
/usr/lib/x86_64-linux-gnu/libgpgmepp.so.6
libgpgme.so.11
/usr/lib/x86_64-linux-gnu/libgpgme.so.11
libgpg-error.so.0
/lib/x86_64-linux-gnu/libgpg-error.so.0
libgomp.so.1
/usr/lib/x86_64-linux-gnu/libgomp.so.1
libgom-1.0.so.0
/usr/lib/x86_64-linux-gnu/libgom-1.0.so.0
libgobject-2.0.so.0
/usr/lib/x86_64-linux-gnu/libgobject-2.0.so.0
libgobject-2.0.so
/usr/lib/x86_64-linux-gnu/libgobject-2.0.so
libgoa-1.0.so.0
/usr/lib/x86_64-linux-gnu/libgoa-1.0.so.0
libgoa-backend-1.0.so.1
/usr/lib/x86_64-linux-gnu/libgoa-backend-1.0.so.1
libgnutls.so.30
/usr/lib/x86_64-linux-gnu/libgnutls.so.30
libgnomekbdui.so.8
/usr/lib/x86_64-linux-gnu/libgnomekbdui.so.8
libgnomekbd.so.8
/usr/lib/x86_64-linux-gnu/libgnomekbd.so.8
libgnome-menu-3.so.0
/usr/lib/x86_64-linux-gnu/libgnome-menu-3.so.0
libgnome-games-support-1.so.3
/usr/lib/x86_64-linux-gnu/libgnome-games-support-1.so.3
libgnome-desktop-3.so.17
/usr/lib/x86_64-linux-gnu/libgnome-desktop-3.so.17
libgnome-bluetooth.so.13
/usr/lib/x86_64-linux-gnu/libgnome-bluetooth.so.13
libgnome-autoar-0.so.0
/usr/lib/x86_64-linux-gnu/libgnome-autoar-0.so.0
libgmp.so.10
/usr/lib/x86_64-linux-gnu/libgmp.so.10
libgmodule-2.0.so.0
/usr/lib/x86_64-linux-gnu/libgmodule-2.0.so.0
libgmodule-2.0.so
/usr/lib/x86_64-linux-gnu/libgmodule-2.0.so
libgmime-3.0.so.0
/usr/lib/x86_64-linux-gnu/libgmime-3.0.so.0
libgme.so.0
/usr/lib/x86_64-linux-gnu/libgme.so.0
libglib-2.0.so.0
/usr/lib/x86_64-linux-gnu/libglib-2.0.so.0
libglib-2.0.so
/usr/lib/x86_64-linux-gnu/libglib-2.0.so
libglapi.so.0
/usr/lib/x86_64-linux-gnu/libglapi.so.0
libgjs.so.0
/usr/lib/libgjs.so.0
libgirepository-1.0.so.1
/usr/lib/x86_64-linux-gnu/libgirepository-1.0.so.1
libgio-2.0.so.0
/usr/lib/x86_64-linux-gnu/libgio-2.0.so.0
libgio-2.0.so
/usr/lib/x86_64-linux-gnu/libgio-2.0.so
libgimpwidgets-2.0.so.0
/usr/lib/libgimpwidgets-2.0.so.0
libgimpui-2.0.so.0
/usr/lib/libgimpui-2.0.so.0
libgimpthumb-2.0.so.0
/usr/lib/libgimpthumb-2.0.so.0
libgimpmodule-2.0.so.0
/usr/lib/libgimpmodule-2.0.so.0
libgimpmath-2.0.so.0
/usr/lib/libgimpmath-2.0.so.0
libgimpconfig-2.0.so.0
/usr/lib/libgimpconfig-2.0.so.0
libgimpcolor-2.0.so.0
/usr/lib/libgimpcolor-2.0.so.0
libgimpbase-2.0.so.0
/usr/lib/libgimpbase-2.0.so.0
libgimp-2.0.so.0
/usr/lib/libgimp-2.0.so.0
libgif.so.7
/usr/lib/x86_64-linux-gnu/libgif.so.7
libgfortran.so.4
/usr/lib/x86_64-linux-gnu/libgfortran.so.4
libgexiv2.so.2
/usr/lib/x86_64-linux-gnu/libgexiv2.so.2
libgettextsrc-0.19.8.1.so
/usr/lib/x86_64-linux-gnu/libgettextsrc-0.19.8.1.so
libgettextlib-0.19.8.1.so
/usr/lib/x86_64-linux-gnu/libgettextlib-0.19.8.1.so
libgeocode-glib.so.0
/usr/lib/x86_64-linux-gnu/libgeocode-glib.so.0
libgeoclue-2.so.0
/usr/lib/x86_64-linux-gnu/libgeoclue-2.so.0
libgegl-0.3.so.0
/usr/lib/x86_64-linux-gnu/libgegl-0.3.so.0
libgegl-sc-0.3.so
/usr/lib/x86_64-linux-gnu/libgegl-sc-0.3.so
libgegl-npd-0.3.so
/usr/lib/x86_64-linux-gnu/libgegl-npd-0.3.so
libgee-0.8.so.2
/usr/lib/x86_64-linux-gnu/libgee-0.8.so.2
libgdm.so.1
/usr/lib/x86_64-linux-gnu/libgdm.so.1
libgdk_pixbuf_xlib-2.0.so.0
/usr/lib/x86_64-linux-gnu/libgdk_pixbuf_xlib-2.0.so.0
libgdk_pixbuf_xlib-2.0.so
/usr/lib/x86_64-linux-gnu/libgdk_pixbuf_xlib-2.0.so
libgdk_pixbuf-2.0.so.0
/usr/lib/x86_64-linux-gnu/libgdk_pixbuf-2.0.so.0
libgdk_pixbuf-2.0.so
/usr/lib/x86_64-linux-gnu/libgdk_pixbuf-2.0.so
libgdk-3.so.0
/usr/lib/x86_64-linux-gnu/libgdk-3.so.0
libgdk-3.so
/usr/lib/x86_64-linux-gnu/libgdk-3.so
libgdk-x11-2.0.so.0
/usr/lib/x86_64-linux-gnu/libgdk-x11-2.0.so.0
libgdk-x11-2.0.so
/usr/lib/x86_64-linux-gnu/libgdk-x11-2.0.so
libgdiplus.so.0
/usr/lib/libgdiplus.so.0
libgdiplus.so
/usr/lib/libgdiplus.so
libgdbm_compat.so.4
/usr/lib/x86_64-linux-gnu/libgdbm_compat.so.4
libgdbm.so.5
/usr/lib/x86_64-linux-gnu/libgdbm.so.5
libgdata.so.22
/usr/lib/x86_64-linux-gnu/libgdata.so.22
libgd.so.3
/usr/lib/x86_64-linux-gnu/libgd.so.3
libgcrypt.so.20
/lib/x86_64-linux-gnu/libgcrypt.so.20
libgcr-ui-3.so.1
/usr/lib/x86_64-linux-gnu/libgcr-ui-3.so.1
libgcr-base-3.so.1
/usr/lib/x86_64-linux-gnu/libgcr-base-3.so.1
libgck-1.so.0
/usr/lib/x86_64-linux-gnu/libgck-1.so.0
libgccpp.so.1
/usr/lib/x86_64-linux-gnu/libgccpp.so.1
libgcc_s.so.1
/lib/x86_64-linux-gnu/libgcc_s.so.1
libgcc_s.so.1
/usr/lib32/libgcc_s.so.1
libgcab-1.0.so.0
/usr/lib/x86_64-linux-gnu/libgcab-1.0.so.0
libgc.so.1
/usr/lib/x86_64-linux-gnu/libgc.so.1
libgbm.so.1
/usr/lib/x86_64-linux-gnu/libgbm.so.1
libgailutil.so.18
/usr/lib/x86_64-linux-gnu/libgailutil.so.18
libgailutil-3.so.0
/usr/lib/x86_64-linux-gnu/libgailutil-3.so.0
libf77blas.so.3
/usr/lib/x86_64-linux-gnu/libf77blas.so.3
libf77blas.so
/usr/lib/x86_64-linux-gnu/libf77blas.so
libfwupd.so.2
/usr/lib/x86_64-linux-gnu/libfwupd.so.2
libfwup.so.1
/usr/lib/x86_64-linux-gnu/libfwup.so.1
libfuse.so.2
/lib/x86_64-linux-gnu/libfuse.so.2
libfribidi.so.0
/usr/lib/x86_64-linux-gnu/libfribidi.so.0
libfreetype.so.6
/usr/lib/x86_64-linux-gnu/libfreetype.so.6
libfreetype.so
/usr/lib/x86_64-linux-gnu/libfreetype.so
libfreerdp2.so.2
/usr/lib/x86_64-linux-gnu/libfreerdp2.so.2
libfreerdp-client2.so.2
/usr/lib/x86_64-linux-gnu/libfreerdp-client2.so.2
libfreehand-0.1.so.1
/usr/lib/x86_64-linux-gnu/libfreehand-0.1.so.1
libfreebl3.so
/usr/lib/x86_64-linux-gnu/libfreebl3.so
libfreeblpriv3.so
/usr/lib/x86_64-linux-gnu/libfreeblpriv3.so
libformw.so.5
/usr/lib/x86_64-linux-gnu/libformw.so.5
libform.so.5
/usr/lib/x86_64-linux-gnu/libform.so.5
libfontenc.so.1
/usr/lib/x86_64-linux-gnu/libfontenc.so.1
libfontembed.so.1
/usr/lib/x86_64-linux-gnu/libfontembed.so.1
libfontconfig.so.1
/usr/lib/x86_64-linux-gnu/libfontconfig.so.1
libfontconfig.so
/usr/lib/x86_64-linux-gnu/libfontconfig.so
libflite_usenglish.so.1
/usr/lib/x86_64-linux-gnu/libflite_usenglish.so.1
libflite_cmulex.so.1
/usr/lib/x86_64-linux-gnu/libflite_cmulex.so.1
libflite_cmu_us_slt.so.1
/usr/lib/x86_64-linux-gnu/libflite_cmu_us_slt.so.1
libflite_cmu_us_rms.so.1
/usr/lib/x86_64-linux-gnu/libflite_cmu_us_rms.so.1
libflite_cmu_us_kal16.so.1
/usr/lib/x86_64-linux-gnu/libflite_cmu_us_kal16.so.1
libflite_cmu_us_kal.so.1
/usr/lib/x86_64-linux-gnu/libflite_cmu_us_kal.so.1
libflite_cmu_us_awb.so.1
/usr/lib/x86_64-linux-gnu/libflite_cmu_us_awb.so.1
libflite_cmu_time_awb.so.1
/usr/lib/x86_64-linux-gnu/libflite_cmu_time_awb.so.1
libflite_cmu_indic_lex.so.1
/usr/lib/x86_64-linux-gnu/libflite_cmu_indic_lex.so.1
libflite_cmu_indic_lang.so.1
/usr/lib/x86_64-linux-gnu/libflite_cmu_indic_lang.so.1
libflite_cmu_grapheme_lex.so.1
/usr/lib/x86_64-linux-gnu/libflite_cmu_grapheme_lex.so.1
libflite_cmu_grapheme_lang.so.1
/usr/lib/x86_64-linux-gnu/libflite_cmu_grapheme_lang.so.1
libflite.so.1
/usr/lib/x86_64-linux-gnu/libflite.so.1
libflatpak.so.0
/usr/lib/x86_64-linux-gnu/libflatpak.so.0
libfftw3f_threads.so.3
/usr/lib/x86_64-linux-gnu/libfftw3f_threads.so.3
libfftw3f_omp.so.3
/usr/lib/x86_64-linux-gnu/libfftw3f_omp.so.3
libfftw3f.so.3
/usr/lib/x86_64-linux-gnu/libfftw3f.so.3
libfftw3_threads.so.3
/usr/lib/x86_64-linux-gnu/libfftw3_threads.so.3
libfftw3_omp.so.3
/usr/lib/x86_64-linux-gnu/libfftw3_omp.so.3
libfftw3.so.3
/usr/lib/x86_64-linux-gnu/libfftw3.so.3
libffi.so.6
/usr/lib/x86_64-linux-gnu/libffi.so.6
libffi.so
/usr/lib/x86_64-linux-gnu/libffi.so
libfdt.so.1
/usr/lib/x86_64-linux-gnu/libfdt.so.1
libfdisk.so.1
/lib/x86_64-linux-gnu/libfdisk.so.1
libfastjson.so.4
/usr/lib/x86_64-linux-gnu/libfastjson.so.4
libfam.so.0
/usr/lib/x86_64-linux-gnu/libfam.so.0
libfakeroot-0.so
/usr/lib/x86_64-linux-gnu/libfakeroot/libfakeroot-0.so
libfaad_drm.so.2
/usr/lib/x86_64-linux-gnu/libfaad_drm.so.2
libfaad.so.2
/usr/lib/x86_64-linux-gnu/libfaad.so.2
libe2p.so.2
/lib/x86_64-linux-gnu/libe2p.so.2
libext2fs.so.2
/lib/x86_64-linux-gnu/libext2fs.so.2
libexttextcat-2.0.so.0
/usr/lib/x86_64-linux-gnu/libexttextcat-2.0.so.0
libexslt.so.0
/usr/lib/x86_64-linux-gnu/libexslt.so.0
libexpatw.so.1
/usr/lib/x86_64-linux-gnu/libexpatw.so.1
libexpatw.so
/usr/lib/x86_64-linux-gnu/libexpatw.so
libexpat.so.1
/lib/x86_64-linux-gnu/libexpat.so.1
libexpat.so
/usr/lib/x86_64-linux-gnu/libexpat.so
libexiv2.so.14
/usr/lib/x86_64-linux-gnu/libexiv2.so.14
libexif.so.12
/usr/lib/x86_64-linux-gnu/libexif.so.12
libexempi.so.3
/usr/lib/x86_64-linux-gnu/libexempi.so.3
libevview3.so.3
/usr/lib/x86_64-linux-gnu/libevview3.so.3
libevent-2.1.so.6
/usr/lib/x86_64-linux-gnu/libevent-2.1.so.6
libevdocument3.so.4
/usr/lib/x86_64-linux-gnu/libevdocument3.so.4
libevdev.so.2
/usr/lib/x86_64-linux-gnu/libevdev.so.2
libetonyek-0.1.so.1
/usr/lib/x86_64-linux-gnu/libetonyek-0.1.so.1
libestr.so.0
/usr/lib/x86_64-linux-gnu/libestr.so.0
libespeak-ng.so.1
/usr/lib/x86_64-linux-gnu/libespeak-ng.so.1
libepubgen-0.1.so.1
/usr/lib/x86_64-linux-gnu/libepubgen-0.1.so.1
libepoxy.so.0
/usr/lib/x86_64-linux-gnu/libepoxy.so.0
libepoxy.so
/usr/lib/x86_64-linux-gnu/libepoxy.so
libeot.so.0
/usr/lib/x86_64-linux-gnu/libeot.so.0
libenchant.so.1
/usr/lib/x86_64-linux-gnu/libenchant.so.1
libelf.so.1
/usr/lib/x86_64-linux-gnu/libelf.so.1
libefivar.so.1
/usr/lib/x86_64-linux-gnu/libefivar.so.1
libefiboot.so.1
/usr/lib/x86_64-linux-gnu/libefiboot.so.1
libedit.so.2
/usr/lib/x86_64-linux-gnu/libedit.so.2
libedataserverui-1.2.so.2
/usr/lib/x86_64-linux-gnu/libedataserverui-1.2.so.2
libedataserver-1.2.so.23
/usr/lib/x86_64-linux-gnu/libedataserver-1.2.so.23
libedata-cal-1.2.so.28
/usr/lib/x86_64-linux-gnu/libedata-cal-1.2.so.28
libedata-book-1.2.so.25
/usr/lib/x86_64-linux-gnu/libedata-book-1.2.so.25
libecal-1.2.so.19
/usr/lib/x86_64-linux-gnu/libecal-1.2.so.19
libebook-1.2.so.19
/usr/lib/x86_64-linux-gnu/libebook-1.2.so.19
libebook-contacts-1.2.so.2
/usr/lib/x86_64-linux-gnu/libebook-contacts-1.2.so.2
libebml.so.4
/usr/lib/x86_64-linux-gnu/libebml.so.4
libebackend-1.2.so.10
/usr/lib/x86_64-linux-gnu/libebackend-1.2.so.10
libe-book-0.1.so.1
/usr/lib/x86_64-linux-gnu/libe-book-0.1.so.1
libdw.so.1
/usr/lib/x86_64-linux-gnu/libdw.so.1
libdvdread.so.4
/usr/lib/x86_64-linux-gnu/libdvdread.so.4
libdvdnav.so.4
/usr/lib/x86_64-linux-gnu/libdvdnav.so.4
libdvbpsi.so.10
/usr/lib/x86_64-linux-gnu/libdvbpsi.so.10
libdv.so.4
/usr/lib/x86_64-linux-gnu/libdv.so.4
libdrm_radeon.so.1
/usr/lib/x86_64-linux-gnu/libdrm_radeon.so.1
libdrm_radeon.so
/usr/lib/x86_64-linux-gnu/libdrm_radeon.so
libdrm_nouveau.so.2
/usr/lib/x86_64-linux-gnu/libdrm_nouveau.so.2
libdrm_nouveau.so
/usr/lib/x86_64-linux-gnu/libdrm_nouveau.so
libdrm_intel.so.1
/usr/lib/x86_64-linux-gnu/libdrm_intel.so.1
libdrm_intel.so
/usr/lib/x86_64-linux-gnu/libdrm_intel.so
libdrm_amdgpu.so.1
/usr/lib/x86_64-linux-gnu/libdrm_amdgpu.so.1
libdrm_amdgpu.so
/usr/lib/x86_64-linux-gnu/libdrm_amdgpu.so
libdrm.so.2
/usr/lib/x86_64-linux-gnu/libdrm.so.2
libdrm.so
/usr/lib/x86_64-linux-gnu/libdrm.so
libdouble-conversion.so.1
/usr/lib/x86_64-linux-gnu/libdouble-conversion.so.1
libdotconf.so.0
/usr/lib/x86_64-linux-gnu/libdotconf.so.0
libdns.so.1100
/usr/lib/x86_64-linux-gnu/libdns.so.1100
libdns-pkcs11.so.1100
/usr/lib/x86_64-linux-gnu/libdns-pkcs11.so.1100
libdns-export.so.1100
/lib/x86_64-linux-gnu/libdns-export.so.1100
libdmapsharing-3.0.so.2
/usr/lib/x86_64-linux-gnu/libdmapsharing-3.0.so.2
libdl.so.2
/lib/x86_64-linux-gnu/libdl.so.2
libdl.so.2
/lib32/libdl.so.2
libdl.so
/usr/lib/x86_64-linux-gnu/libdl.so
libdjvulibre.so.21
/usr/lib/x86_64-linux-gnu/libdjvulibre.so.21
libdevmapper.so.1.02.1
/lib/x86_64-linux-gnu/libdevmapper.so.1.02.1
libdevmapper-event.so.1.02.1
/lib/x86_64-linux-gnu/libdevmapper-event.so.1.02.1
libdevmapper-event-lvm2thin.so
/lib/x86_64-linux-gnu/libdevmapper-event-lvm2thin.so
libdevmapper-event-lvm2snapshot.so
/lib/x86_64-linux-gnu/libdevmapper-event-lvm2snapshot.so
libdevmapper-event-lvm2raid.so
/lib/x86_64-linux-gnu/libdevmapper-event-lvm2raid.so
libdevmapper-event-lvm2mirror.so
/lib/x86_64-linux-gnu/libdevmapper-event-lvm2mirror.so
libdevmapper-event-lvm2.so.2.02
/lib/x86_64-linux-gnu/libdevmapper-event-lvm2.so.2.02
libdee-1.0.so.4
/usr/lib/x86_64-linux-gnu/libdee-1.0.so.4
libdebconfclient.so.0
/usr/lib/x86_64-linux-gnu/libdebconfclient.so.0
libdc1394.so.22
/usr/lib/x86_64-linux-gnu/libdc1394.so.22
libdconf.so.1
/usr/lib/x86_64-linux-gnu/libdconf.so.1
libdcerpc.so.0
/usr/lib/x86_64-linux-gnu/libdcerpc.so.0
libdcerpc-server.so.0
/usr/lib/x86_64-linux-gnu/libdcerpc-server.so.0
libdcerpc-samr.so.0
/usr/lib/x86_64-linux-gnu/libdcerpc-samr.so.0
libdcerpc-binding.so.0
/usr/lib/x86_64-linux-gnu/libdcerpc-binding.so.0
libdca.so.0
/usr/lib/x86_64-linux-gnu/libdca.so.0
libdbusmenu-qt5.so.2
/usr/lib/x86_64-linux-gnu/libdbusmenu-qt5.so.2
libdbusmenu-gtk3.so.4
/usr/lib/x86_64-linux-gnu/libdbusmenu-gtk3.so.4
libdbusmenu-gtk.so.4
/usr/lib/x86_64-linux-gnu/libdbusmenu-gtk.so.4
libdbusmenu-glib.so.4
/usr/lib/x86_64-linux-gnu/libdbusmenu-glib.so.4
libdbus-1.so.3
/lib/x86_64-linux-gnu/libdbus-1.so.3
libdbus-1.so
/usr/lib/x86_64-linux-gnu/libdbus-1.so
libdbus-glib-1.so.2
/usr/lib/x86_64-linux-gnu/libdbus-glib-1.so.2
libdb-5.3.so
/usr/lib/x86_64-linux-gnu/libdb-5.3.so
libdazzle-1.0.so.0
/usr/lib/x86_64-linux-gnu/libdazzle-1.0.so.0
libdatrie.so.1
/usr/lib/x86_64-linux-gnu/libdatrie.so.1
libdaemon.so.0
/usr/lib/x86_64-linux-gnu/libdaemon.so.0
libcurl.so.4
/usr/lib/x86_64-linux-gnu/libcurl.so.4
libcurl-gnutls.so.4
/usr/lib/x86_64-linux-gnu/libcurl-gnutls.so.4
libcupsppdc.so.1
/usr/lib/x86_64-linux-gnu/libcupsppdc.so.1
libcupsmime.so.1
/usr/lib/x86_64-linux-gnu/libcupsmime.so.1
libcupsimage.so.2
/usr/lib/x86_64-linux-gnu/libcupsimage.so.2
libcupsfilters.so.1
/usr/lib/x86_64-linux-gnu/libcupsfilters.so.1
libcupscgi.so.1
/usr/lib/x86_64-linux-gnu/libcupscgi.so.1
libcups.so.2
/usr/lib/x86_64-linux-gnu/libcups.so.2
libcrystalhd.so.3
/usr/lib/x86_64-linux-gnu/libcrystalhd.so.3
libcryptsetup.so.12
/lib/x86_64-linux-gnu/libcryptsetup.so.12
libcrypto.so.1.1
/usr/lib/x86_64-linux-gnu/libcrypto.so.1.1
libcrypto.so.1.0.0
/usr/lib/x86_64-linux-gnu/libcrypto.so.1.0.0
libcrypto.so
/usr/lib/x86_64-linux-gnu/libcrypto.so
libcrypt.so.1
/lib/x86_64-linux-gnu/libcrypt.so.1
libcrypt.so.1
/lib32/libcrypt.so.1
libcrypt.so
/usr/lib/x86_64-linux-gnu/libcrypt.so
libcroco-0.6.so.3
/usr/lib/x86_64-linux-gnu/libcroco-0.6.so.3
libcrack.so.2
/usr/lib/x86_64-linux-gnu/libcrack.so.2
libcom_err.so.2
/lib/x86_64-linux-gnu/libcom_err.so.2
libcolorhug.so.2
/usr/lib/x86_64-linux-gnu/libcolorhug.so.2
libcolordprivate.so.2
/usr/lib/x86_64-linux-gnu/libcolordprivate.so.2
libcolord.so.2
/usr/lib/x86_64-linux-gnu/libcolord.so.2
libcolord-gtk.so.1
/usr/lib/x86_64-linux-gnu/libcolord-gtk.so.1
libcolamd.so.2
/usr/lib/x86_64-linux-gnu/libcolamd.so.2
libcogl.so.20
/usr/lib/x86_64-linux-gnu/libcogl.so.20
libcogl-path.so.20
/usr/lib/x86_64-linux-gnu/libcogl-path.so.20
libcogl-pango.so.20
/usr/lib/x86_64-linux-gnu/libcogl-pango.so.20
libcmis-0.5.so.5
/usr/lib/x86_64-linux-gnu/libcmis-0.5.so.5
libcmis-c-0.5.so.5
/usr/lib/x86_64-linux-gnu/libcmis-c-0.5.so.5
libclutter-1.0.so.0
/usr/lib/x86_64-linux-gnu/libclutter-1.0.so.0
libclutter-gtk-1.0.so.0
/usr/lib/x86_64-linux-gnu/libclutter-gtk-1.0.so.0
libclutter-gst-3.0.so.0
/usr/lib/x86_64-linux-gnu/libclutter-gst-3.0.so.0
libclucene-shared.so.1
/usr/lib/x86_64-linux-gnu/libclucene-shared.so.1
libclucene-core.so.1
/usr/lib/x86_64-linux-gnu/libclucene-core.so.1
libclucene-contribs-lib.so.1
/usr/lib/x86_64-linux-gnu/libclucene-contribs-lib.so.1
libclang-7.so.1
/usr/lib/x86_64-linux-gnu/libclang-7.so.1
libcilkrts.so.5
/usr/lib/x86_64-linux-gnu/libcilkrts.so.5
libcidn.so.1
/lib/x86_64-linux-gnu/libcidn.so.1
libcidn.so.1
/lib32/libcidn.so.1
libcidn.so
/usr/lib/x86_64-linux-gnu/libcidn.so
libchromaprint.so.1
/usr/lib/x86_64-linux-gnu/libchromaprint.so.1
libcholmod.so.3
/usr/lib/x86_64-linux-gnu/libcholmod.so.3
libcheese.so.8
/usr/lib/x86_64-linux-gnu/libcheese.so.8
libcheese-gtk.so.25
/usr/lib/x86_64-linux-gnu/libcheese-gtk.so.25
libcdr-0.1.so.1
/usr/lib/x86_64-linux-gnu/libcdr-0.1.so.1
libcdio_paranoia.so.2
/usr/lib/x86_64-linux-gnu/libcdio_paranoia.so.2
libcdio_cdda.so.2
/usr/lib/x86_64-linux-gnu/libcdio_cdda.so.2
libcdio.so.17
/usr/lib/x86_64-linux-gnu/libcdio.so.17
libcddb.so.2
/usr/lib/x86_64-linux-gnu/libcddb.so.2
libcdda_paranoia.so.0
/usr/lib/x86_64-linux-gnu/libcdda_paranoia.so.0
libcdda_interface.so.0
/usr/lib/x86_64-linux-gnu/libcdda_interface.so.0
libcc1.so.0
/usr/lib/x86_64-linux-gnu/libcc1.so.0
libccolamd.so.2
/usr/lib/x86_64-linux-gnu/libccolamd.so.2
libcblas.so.3
/usr/lib/x86_64-linux-gnu/libcblas.so.3
libcblas.so
/usr/lib/x86_64-linux-gnu/libcblas.so
libcares.so.2
/usr/lib/x86_64-linux-gnu/libcares.so.2
libcapnpc-0.6.1.so
/usr/lib/x86_64-linux-gnu/libcapnpc-0.6.1.so
libcapnp-0.6.1.so
/usr/lib/x86_64-linux-gnu/libcapnp-0.6.1.so
libcapnp-rpc-0.6.1.so
/usr/lib/x86_64-linux-gnu/libcapnp-rpc-0.6.1.so
libcap.so.2
/lib/x86_64-linux-gnu/libcap.so.2
libcap-ng.so.0
/lib/x86_64-linux-gnu/libcap-ng.so.0
libcanberra.so.0
/usr/lib/x86_64-linux-gnu/libcanberra.so.0
libcanberra.so
/usr/lib/x86_64-linux-gnu/libcanberra.so
libcanberra-gtk3.so.0
/usr/lib/x86_64-linux-gnu/libcanberra-gtk3.so.0
libcanberra-gtk3.so
/usr/lib/x86_64-linux-gnu/libcanberra-gtk3.so
libcanberra-gtk.so.0
/usr/lib/x86_64-linux-gnu/libcanberra-gtk.so.0
libcanberra-gtk.so
/usr/lib/x86_64-linux-gnu/libcanberra-gtk.so
libcamel-1.2.so.61
/usr/lib/x86_64-linux-gnu/libcamel-1.2.so.61
libcamd.so.2
/usr/lib/x86_64-linux-gnu/libcamd.so.2
libcairo.so.2
/usr/lib/x86_64-linux-gnu/libcairo.so.2
libcairo.so
/usr/lib/x86_64-linux-gnu/libcairo.so
libcairo-script-interpreter.so.2
/usr/lib/x86_64-linux-gnu/libcairo-script-interpreter.so.2
libcairo-script-interpreter.so
/usr/lib/x86_64-linux-gnu/libcairo-script-interpreter.so
libcairo-gobject.so.2
/usr/lib/x86_64-linux-gnu/libcairo-gobject.so.2
libcairo-gobject.so
/usr/lib/x86_64-linux-gnu/libcairo-gobject.so
libcacard.so.0
/usr/lib/x86_64-linux-gnu/libcacard.so.0
libcaca.so.0
/usr/lib/x86_64-linux-gnu/libcaca.so.0
libcaca++.so.0
/usr/lib/x86_64-linux-gnu/libcaca++.so.0
libc.so.6
/lib/x86_64-linux-gnu/libc.so.6
libc.so.6
/lib32/libc.so.6
libc++abi.so.1
/usr/lib/x86_64-linux-gnu/libc++abi.so.1
libc++.so.1
/usr/lib/x86_64-linux-gnu/libc++.so.1
libbz2.so.1.0
/lib/x86_64-linux-gnu/libbz2.so.1.0
libbs2b.so.0
/usr/lib/x86_64-linux-gnu/libbs2b.so.0
libbsd.so.0
/lib/x86_64-linux-gnu/libbsd.so.0
libbrotlienc.so.1
/usr/lib/x86_64-linux-gnu/libbrotlienc.so.1
libbrotlidec.so.1
/usr/lib/x86_64-linux-gnu/libbrotlidec.so.1
libbrotlicommon.so.1
/usr/lib/x86_64-linux-gnu/libbrotlicommon.so.1
libbrlapi.so.0.6
/lib/x86_64-linux-gnu/libbrlapi.so.0.6
libboost_thread.so.1.65.1
/usr/lib/x86_64-linux-gnu/libboost_thread.so.1.65.1
libboost_system.so.1.65.1
/usr/lib/x86_64-linux-gnu/libboost_system.so.1.65.1
libboost_program_options.so.1.65.1
/usr/lib/x86_64-linux-gnu/libboost_program_options.so.1.65.1
libboost_locale.so.1.65.1
/usr/lib/x86_64-linux-gnu/libboost_locale.so.1.65.1
libboost_iostreams.so.1.65.1
/usr/lib/x86_64-linux-gnu/libboost_iostreams.so.1.65.1
libboost_filesystem.so.1.65.1
/usr/lib/x86_64-linux-gnu/libboost_filesystem.so.1.65.1
libboost_date_time.so.1.65.1
/usr/lib/x86_64-linux-gnu/libboost_date_time.so.1.65.1
libbluray.so.2
/usr/lib/x86_64-linux-gnu/libbluray.so.2
libbluetooth.so.3
/usr/lib/x86_64-linux-gnu/libbluetooth.so.3
libblockdev.so.2
/usr/lib/x86_64-linux-gnu/libblockdev.so.2
libblkid.so.1
/lib/x86_64-linux-gnu/libblkid.so.1
libblas.so.3
/usr/lib/x86_64-linux-gnu/libblas.so.3
libblas.so
/usr/lib/x86_64-linux-gnu/libblas.so
libbind9.so.160
/usr/lib/x86_64-linux-gnu/libbind9.so.160
libbfd-2.30-system.so
/usr/lib/x86_64-linux-gnu/libbfd-2.30-system.so
libbdplus.so.0
/usr/lib/x86_64-linux-gnu/libbdplus.so.0
libbd_utils.so.2
/usr/lib/x86_64-linux-gnu/libbd_utils.so.2
libbd_swap.so.2
/usr/lib/x86_64-linux-gnu/libbd_swap.so.2
libbd_part_err.so.2
/usr/lib/x86_64-linux-gnu/libbd_part_err.so.2
libbd_part.so.2
/usr/lib/x86_64-linux-gnu/libbd_part.so.2
libbd_loop.so.2
/usr/lib/x86_64-linux-gnu/libbd_loop.so.2
libbd_fs.so.2
/usr/lib/x86_64-linux-gnu/libbd_fs.so.2
libbd_crypto.so.2
/usr/lib/x86_64-linux-gnu/libbd_crypto.so.2
libbabl-0.1.so.0
/usr/lib/x86_64-linux-gnu/libbabl-0.1.so.0
libbabeltrace.so.1
/usr/lib/x86_64-linux-gnu/libbabeltrace.so.1
libbabeltrace-lttng-live.so.1
/usr/lib/x86_64-linux-gnu/libbabeltrace-lttng-live.so.1
libbabeltrace-dummy.so.1
/usr/lib/x86_64-linux-gnu/libbabeltrace-dummy.so.1
libbabeltrace-ctf.so.1
/usr/lib/x86_64-linux-gnu/libbabeltrace-ctf.so.1
libbabeltrace-ctf-text.so.1
/usr/lib/x86_64-linux-gnu/libbabeltrace-ctf-text.so.1
libbabeltrace-ctf-metadata.so.1
/usr/lib/x86_64-linux-gnu/libbabeltrace-ctf-metadata.so.1
liba52-0.7.4.so
/usr/lib/x86_64-linux-gnu/liba52-0.7.4.so
libavutil.so.55
/usr/lib/x86_64-linux-gnu/libavutil.so.55
libavutil.so
/usr/lib/x86_64-linux-gnu/libavutil.so
libavresample.so.3
/usr/lib/x86_64-linux-gnu/libavresample.so.3
libavformat.so.57
/usr/lib/x86_64-linux-gnu/libavformat.so.57
libavformat.so
/usr/lib/x86_64-linux-gnu/libavformat.so
libavfilter.so.6
/usr/lib/x86_64-linux-gnu/libavfilter.so.6
libavc1394.so.0
/usr/lib/x86_64-linux-gnu/libavc1394.so.0
libavcodec.so.57
/usr/lib/x86_64-linux-gnu/libavcodec.so.57
libavcodec.so
/usr/lib/x86_64-linux-gnu/libavcodec.so
libavahi-ui-gtk3.so.0
/usr/lib/x86_64-linux-gnu/libavahi-ui-gtk3.so.0
libavahi-glib.so.1
/usr/lib/x86_64-linux-gnu/libavahi-glib.so.1
libavahi-core.so.7
/usr/lib/x86_64-linux-gnu/libavahi-core.so.7
libavahi-common.so.3
/usr/lib/x86_64-linux-gnu/libavahi-common.so.3
libavahi-client.so.3
/usr/lib/x86_64-linux-gnu/libavahi-client.so.3
libaudit.so.1
/lib/x86_64-linux-gnu/libaudit.so.1
libaudio.so.2
/usr/lib/x86_64-linux-gnu/libaudio.so.2
libattr.so.1
/lib/x86_64-linux-gnu/libattr.so.1
libatspi.so.0
/usr/lib/x86_64-linux-gnu/libatspi.so.0
libatspi.so
/usr/lib/x86_64-linux-gnu/libatspi.so
libatomic.so.1
/usr/lib/x86_64-linux-gnu/libatomic.so.1
libatm.so.1
/lib/x86_64-linux-gnu/libatm.so.1
libatlas.so.3
/usr/lib/x86_64-linux-gnu/libatlas.so.3
libatlas.so
/usr/lib/x86_64-linux-gnu/libatlas.so
libatk-1.0.so.0
/usr/lib/x86_64-linux-gnu/libatk-1.0.so.0
libatk-1.0.so
/usr/lib/x86_64-linux-gnu/libatk-1.0.so
libatk-bridge-2.0.so.0
/usr/lib/x86_64-linux-gnu/libatk-bridge-2.0.so.0
libatk-bridge-2.0.so
/usr/lib/x86_64-linux-gnu/libatk-bridge-2.0.so
libatasmart.so.4
/lib/x86_64-linux-gnu/libatasmart.so.4
libasyncns.so.0
/usr/lib/x86_64-linux-gnu/libasyncns.so.0
libassuan.so.0
/usr/lib/x86_64-linux-gnu/libassuan.so.0
libass.so.9
/usr/lib/x86_64-linux-gnu/libass.so.9
libaspell.so.15
/usr/lib/x86_64-linux-gnu/libaspell.so.15
libasound.so.2
/usr/lib/x86_64-linux-gnu/libasound.so.2
libasound.so
/usr/lib/x86_64-linux-gnu/libasound.so
libasn1.so.8
/usr/lib/x86_64-linux-gnu/libasn1.so.8
libasan.so.4
/usr/lib/x86_64-linux-gnu/libasan.so.4
libart_lgpl_2.so.2
/usr/lib/x86_64-linux-gnu/libart_lgpl_2.so.2
libaribb24.so.0
/usr/lib/x86_64-linux-gnu/libaribb24.so.0
libargon2.so.0
/usr/lib/x86_64-linux-gnu/libargon2.so.0
libarchive.so.13
/usr/lib/x86_64-linux-gnu/libarchive.so.13
libapt-private.so.0.0
/usr/lib/x86_64-linux-gnu/libapt-private.so.0.0
libapt-pkg.so.5.0
/usr/lib/x86_64-linux-gnu/libapt-pkg.so.5.0
libapt-inst.so.2.0
/usr/lib/x86_64-linux-gnu/libapt-inst.so.2.0
libaprutil-1.so.0
/usr/lib/x86_64-linux-gnu/libaprutil-1.so.0
libapr-1.so.0
/usr/lib/x86_64-linux-gnu/libapr-1.so.0
libappstream.so.4
/usr/lib/x86_64-linux-gnu/libappstream.so.4
libappstream-glib.so.8
/usr/lib/x86_64-linux-gnu/libappstream-glib.so.8
libappindicator3.so.1
/usr/lib/x86_64-linux-gnu/libappindicator3.so.1
libapparmor.so.1
/lib/x86_64-linux-gnu/libapparmor.so.1
libao.so.4
/usr/lib/x86_64-linux-gnu/libao.so.4
libanl.so.1
/lib/x86_64-linux-gnu/libanl.so.1
libanl.so.1
/lib32/libanl.so.1
libanl.so
/usr/lib/x86_64-linux-gnu/libanl.so
libamd.so.2
/usr/lib/x86_64-linux-gnu/libamd.so.2
libaio.so.1
/lib/x86_64-linux-gnu/libaio.so.1
libacl.so.1
/lib/x86_64-linux-gnu/libacl.so.1
libaccountsservice.so.0
/usr/lib/x86_64-linux-gnu/libaccountsservice.so.0
libabw-0.1.so.1
/usr/lib/x86_64-linux-gnu/libabw-0.1.so.1
libaacs.so.0
/usr/lib/x86_64-linux-gnu/libaacs.so.0
libaa.so.1
/usr/lib/x86_64-linux-gnu/libaa.so.1
libX11.so.6
/usr/lib/x86_64-linux-gnu/libX11.so.6
libX11.so
/usr/lib/x86_64-linux-gnu/libX11.so
libX11-xcb.so.1
/usr/lib/x86_64-linux-gnu/libX11-xcb.so.1
libX11-xcb.so
/usr/lib/x86_64-linux-gnu/libX11-xcb.so
libXxf86vm.so.1
/usr/lib/x86_64-linux-gnu/libXxf86vm.so.1
libXxf86vm.so
/usr/lib/x86_64-linux-gnu/libXxf86vm.so
libXxf86dga.so.1
/usr/lib/x86_64-linux-gnu/libXxf86dga.so.1
libXvMCW.so.1
/usr/lib/x86_64-linux-gnu/libXvMCW.so.1
libXvMC.so.1
/usr/lib/x86_64-linux-gnu/libXvMC.so.1
libXv.so.1
/usr/lib/x86_64-linux-gnu/libXv.so.1
libXv.so
/usr/lib/x86_64-linux-gnu/libXv.so
libXtst.so.6
/usr/lib/x86_64-linux-gnu/libXtst.so.6
libXtst.so
/usr/lib/x86_64-linux-gnu/libXtst.so
libXt.so.6
/usr/lib/x86_64-linux-gnu/libXt.so.6
libXt.so
/usr/lib/x86_64-linux-gnu/libXt.so
libXss.so.1
/usr/lib/x86_64-linux-gnu/libXss.so.1
libXss.so
/usr/lib/x86_64-linux-gnu/libXss.so
libXrender.so.1
/usr/lib/x86_64-linux-gnu/libXrender.so.1
libXrender.so
/usr/lib/x86_64-linux-gnu/libXrender.so
libXrandr.so.2
/usr/lib/x86_64-linux-gnu/libXrandr.so.2
libXrandr.so
/usr/lib/x86_64-linux-gnu/libXrandr.so
libXpm.so.4
/usr/lib/x86_64-linux-gnu/libXpm.so.4
libXmuu.so.1
/usr/lib/x86_64-linux-gnu/libXmuu.so.1
libXmu.so.6
/usr/lib/x86_64-linux-gnu/libXmu.so.6
libXinerama.so.1
/usr/lib/x86_64-linux-gnu/libXinerama.so.1
libXinerama.so
/usr/lib/x86_64-linux-gnu/libXinerama.so
libXi.so.6
/usr/lib/x86_64-linux-gnu/libXi.so.6
libXi.so
/usr/lib/x86_64-linux-gnu/libXi.so
libXft.so.2
/usr/lib/x86_64-linux-gnu/libXft.so.2
libXft.so
/usr/lib/x86_64-linux-gnu/libXft.so
libXfont2.so.2
/usr/lib/x86_64-linux-gnu/libXfont2.so.2
libXfixes.so.3
/usr/lib/x86_64-linux-gnu/libXfixes.so.3
libXfixes.so
/usr/lib/x86_64-linux-gnu/libXfixes.so
libXext.so.6
/usr/lib/x86_64-linux-gnu/libXext.so.6
libXext.so
/usr/lib/x86_64-linux-gnu/libXext.so
libXdmcp.so.6
/usr/lib/x86_64-linux-gnu/libXdmcp.so.6
libXdmcp.so
/usr/lib/x86_64-linux-gnu/libXdmcp.so
libXdamage.so.1
/usr/lib/x86_64-linux-gnu/libXdamage.so.1
libXdamage.so
/usr/lib/x86_64-linux-gnu/libXdamage.so
libXcursor.so.1
/usr/lib/x86_64-linux-gnu/libXcursor.so.1
libXcursor.so
/usr/lib/x86_64-linux-gnu/libXcursor.so
libXcomposite.so.1
/usr/lib/x86_64-linux-gnu/libXcomposite.so.1
libXcomposite.so
/usr/lib/x86_64-linux-gnu/libXcomposite.so
libXaw.so.7
/usr/lib/x86_64-linux-gnu/libXaw.so.7
libXau.so.6
/usr/lib/x86_64-linux-gnu/libXau.so.6
libXau.so
/usr/lib/x86_64-linux-gnu/libXau.so
libXRes.so.1
/usr/lib/x86_64-linux-gnu/libXRes.so.1
libUsageEnvironment.so.3
/usr/lib/x86_64-linux-gnu/libUsageEnvironment.so.3
libSegFault.so
/lib/x86_64-linux-gnu/libSegFault.so
libSegFault.so
/lib32/libSegFault.so
libSM.so.6
/usr/lib/x86_64-linux-gnu/libSM.so.6
libSM.so
/usr/lib/x86_64-linux-gnu/libSM.so
libSDL2-2.0.so.0
/usr/lib/x86_64-linux-gnu/libSDL2-2.0.so.0
libSDL2-2.0.so
/usr/lib/x86_64-linux-gnu/libSDL2-2.0.so
libSDL_image-1.2.so.0
/usr/lib/x86_64-linux-gnu/libSDL_image-1.2.so.0
libSDL-1.2.so.0
/usr/lib/x86_64-linux-gnu/libSDL-1.2.so.0
libQt5X11Extras.so.5
/usr/lib/x86_64-linux-gnu/libQt5X11Extras.so.5
libQt5Xml.so.5
/usr/lib/x86_64-linux-gnu/libQt5Xml.so.5
libQt5XcbQpa.so.5
/usr/lib/x86_64-linux-gnu/libQt5XcbQpa.so.5
libQt5Widgets.so.5
/usr/lib/x86_64-linux-gnu/libQt5Widgets.so.5
libQt5WaylandCompositor.so.5
/usr/lib/x86_64-linux-gnu/libQt5WaylandCompositor.so.5
libQt5WaylandClient.so.5
/usr/lib/x86_64-linux-gnu/libQt5WaylandClient.so.5
libQt5TextToSpeech.so.5
/usr/lib/x86_64-linux-gnu/libQt5TextToSpeech.so.5
libQt5Test.so.5
/usr/lib/x86_64-linux-gnu/libQt5Test.so.5
libQt5Svg.so.5
/usr/lib/x86_64-linux-gnu/libQt5Svg.so.5
libQt5Script.so.5
/usr/lib/x86_64-linux-gnu/libQt5Script.so.5
libQt5QuickWidgets.so.5
/usr/lib/x86_64-linux-gnu/libQt5QuickWidgets.so.5
libQt5QuickTemplates2.so.5
/usr/lib/x86_64-linux-gnu/libQt5QuickTemplates2.so.5
libQt5QuickControls2.so.5
/usr/lib/x86_64-linux-gnu/libQt5QuickControls2.so.5
libQt5Quick.so.5
/usr/lib/x86_64-linux-gnu/libQt5Quick.so.5
libQt5Qml.so.5
/usr/lib/x86_64-linux-gnu/libQt5Qml.so.5
libQt5PrintSupport.so.5
/usr/lib/x86_64-linux-gnu/libQt5PrintSupport.so.5
libQt5Network.so.5
/usr/lib/x86_64-linux-gnu/libQt5Network.so.5
libQt5Gui.so.5
/usr/lib/x86_64-linux-gnu/libQt5Gui.so.5
libQt5EglFsKmsSupport.so.5
/usr/lib/x86_64-linux-gnu/libQt5EglFsKmsSupport.so.5
libQt5EglFSDeviceIntegration.so.5
/usr/lib/x86_64-linux-gnu/libQt5EglFSDeviceIntegration.so.5
libQt5DBus.so.5
/usr/lib/x86_64-linux-gnu/libQt5DBus.so.5
libQt5Core.so.5
/usr/lib/x86_64-linux-gnu/libQt5Core.so.5
libOpenGL.so.0
/usr/lib/x86_64-linux-gnu/libOpenGL.so.0
libOpenGL.so
/usr/lib/x86_64-linux-gnu/libOpenGL.so
libMonoSupportW.so
/usr/lib/libMonoSupportW.so
libMonoPosixHelper.so
/usr/lib/libMonoPosixHelper.so
libMagickWand-6.Q16.so.3
/usr/lib/x86_64-linux-gnu/libMagickWand-6.Q16.so.3
libMagickCore-6.Q16.so.3
/usr/lib/x86_64-linux-gnu/libMagickCore-6.Q16.so.3
libLLVM-10.so.1
/usr/lib/x86_64-linux-gnu/libLLVM-10.so.1
libLLVM-10.so
/usr/lib/x86_64-linux-gnu/libLLVM-10.so
libLLVM-9.so.1
/usr/lib/x86_64-linux-gnu/libLLVM-9.so.1
libLLVM-9.so
/usr/lib/x86_64-linux-gnu/libLLVM-9.so
libLLVM-7.so.1
/usr/lib/x86_64-linux-gnu/libLLVM-7.so.1
libLLVM-7.so
/usr/lib/x86_64-linux-gnu/libLLVM-7.so
libLLVM-6.0.so.1
/usr/lib/x86_64-linux-gnu/libLLVM-6.0.so.1
libLLVM-6.0.so
/usr/lib/x86_64-linux-gnu/libLLVM-6.0.so
libKF5XmlGui.so.5
/usr/lib/x86_64-linux-gnu/libKF5XmlGui.so.5
libKF5WindowSystem.so.5
/usr/lib/x86_64-linux-gnu/libKF5WindowSystem.so.5
libKF5WidgetsAddons.so.5
/usr/lib/x86_64-linux-gnu/libKF5WidgetsAddons.so.5
libKF5WaylandClient.so.5
/usr/lib/x86_64-linux-gnu/libKF5WaylandClient.so.5
libKF5Wallet.so.5
/usr/lib/x86_64-linux-gnu/libKF5Wallet.so.5
libKF5TextWidgets.so.5
/usr/lib/x86_64-linux-gnu/libKF5TextWidgets.so.5
libKF5SonnetUi.so.5
/usr/lib/x86_64-linux-gnu/libKF5SonnetUi.so.5
libKF5SonnetCore.so.5
/usr/lib/x86_64-linux-gnu/libKF5SonnetCore.so.5
libKF5Solid.so.5
/usr/lib/x86_64-linux-gnu/libKF5Solid.so.5
libKF5Service.so.5
/usr/lib/x86_64-linux-gnu/libKF5Service.so.5
libKF5QuickAddons.so.5
/usr/lib/x86_64-linux-gnu/libKF5QuickAddons.so.5
libKF5Parts.so.5
/usr/lib/x86_64-linux-gnu/libKF5Parts.so.5
libKF5Package.so.5
/usr/lib/x86_64-linux-gnu/libKF5Package.so.5
libKF5Notifications.so.5
/usr/lib/x86_64-linux-gnu/libKF5Notifications.so.5
libKF5NewStuffCore.so.5
/usr/lib/x86_64-linux-gnu/libKF5NewStuffCore.so.5
libKF5NewStuff.so.5
/usr/lib/x86_64-linux-gnu/libKF5NewStuff.so.5
libKF5Kirigami2.so.5
/usr/lib/x86_64-linux-gnu/libKF5Kirigami2.so.5
libKF5KIOWidgets.so.5
/usr/lib/x86_64-linux-gnu/libKF5KIOWidgets.so.5
libKF5KIONTLM.so.5
/usr/lib/x86_64-linux-gnu/libKF5KIONTLM.so.5
libKF5KIOFileWidgets.so.5
/usr/lib/x86_64-linux-gnu/libKF5KIOFileWidgets.so.5
libKF5KIOCore.so.5
/usr/lib/x86_64-linux-gnu/libKF5KIOCore.so.5
libKF5KCMUtils.so.5
/usr/lib/x86_64-linux-gnu/libKF5KCMUtils.so.5
libKF5JobWidgets.so.5
/usr/lib/x86_64-linux-gnu/libKF5JobWidgets.so.5
libKF5I18n.so.5
/usr/lib/x86_64-linux-gnu/libKF5I18n.so.5
libKF5ItemViews.so.5
/usr/lib/x86_64-linux-gnu/libKF5ItemViews.so.5
libKF5IdleTime.so.5
/usr/lib/x86_64-linux-gnu/libKF5IdleTime.so.5
libKF5IconThemes.so.5
/usr/lib/x86_64-linux-gnu/libKF5IconThemes.so.5
libKF5GuiAddons.so.5
/usr/lib/x86_64-linux-gnu/libKF5GuiAddons.so.5
libKF5GlobalAccelPrivate.so.5
/usr/lib/x86_64-linux-gnu/libKF5GlobalAccelPrivate.so.5
libKF5GlobalAccel.so.5
/usr/lib/x86_64-linux-gnu/libKF5GlobalAccel.so.5
libKF5DocTools.so.5
/usr/lib/x86_64-linux-gnu/libKF5DocTools.so.5
libKF5Declarative.so.5
/usr/lib/x86_64-linux-gnu/libKF5Declarative.so.5
libKF5DBusAddons.so.5
/usr/lib/x86_64-linux-gnu/libKF5DBusAddons.so.5
libKF5Crash.so.5
/usr/lib/x86_64-linux-gnu/libKF5Crash.so.5
libKF5CoreAddons.so.5
/usr/lib/x86_64-linux-gnu/libKF5CoreAddons.so.5
libKF5ConfigWidgets.so.5
/usr/lib/x86_64-linux-gnu/libKF5ConfigWidgets.so.5
libKF5ConfigGui.so.5
/usr/lib/x86_64-linux-gnu/libKF5ConfigGui.so.5
libKF5ConfigCore.so.5
/usr/lib/x86_64-linux-gnu/libKF5ConfigCore.so.5
libKF5Completion.so.5
/usr/lib/x86_64-linux-gnu/libKF5Completion.so.5
libKF5Codecs.so.5
/usr/lib/x86_64-linux-gnu/libKF5Codecs.so.5
libKF5Bookmarks.so.5
/usr/lib/x86_64-linux-gnu/libKF5Bookmarks.so.5
libKF5Auth.so.5
/usr/lib/x86_64-linux-gnu/libKF5Auth.so.5
libKF5Attica.so.5
/usr/lib/x86_64-linux-gnu/libKF5Attica.so.5
libKF5Archive.so.5
/usr/lib/x86_64-linux-gnu/libKF5Archive.so.5
libI810XvMC.so.1
/usr/lib/x86_64-linux-gnu/libI810XvMC.so.1
libIntelXvMC.so.1
/usr/lib/x86_64-linux-gnu/libIntelXvMC.so.1
libImath-2_2.so.12
/usr/lib/x86_64-linux-gnu/libImath-2_2.so.12
libIlmThread-2_2.so.12
/usr/lib/x86_64-linux-gnu/libIlmThread-2_2.so.12
libIlmImfUtil-2_2.so.22
/usr/lib/x86_64-linux-gnu/libIlmImfUtil-2_2.so.22
libIlmImf-2_2.so.22
/usr/lib/x86_64-linux-gnu/libIlmImf-2_2.so.22
libIexMath-2_2.so.12
/usr/lib/x86_64-linux-gnu/libIexMath-2_2.so.12
libIex-2_2.so.12
/usr/lib/x86_64-linux-gnu/libIex-2_2.so.12
libICE.so.6
/usr/lib/x86_64-linux-gnu/libICE.so.6
libICE.so
/usr/lib/x86_64-linux-gnu/libICE.so
libHalf.so.12
/usr/lib/x86_64-linux-gnu/libHalf.so.12
libGeoIP.so.1
/usr/lib/x86_64-linux-gnu/libGeoIP.so.1
libGLdispatch.so.0
/usr/lib/x86_64-linux-gnu/libGLdispatch.so.0
libGLdispatch.so
/usr/lib/x86_64-linux-gnu/libGLdispatch.so
libGLX_mesa.so.0
/usr/lib/x86_64-linux-gnu/libGLX_mesa.so.0
libGLX.so.0
/usr/lib/x86_64-linux-gnu/libGLX.so.0
libGLX.so
/usr/lib/x86_64-linux-gnu/libGLX.so
libGLU.so.1
/usr/lib/x86_64-linux-gnu/libGLU.so.1
libGLU.so
/usr/lib/x86_64-linux-gnu/libGLU.so
libGLESv2.so.2
/usr/lib/x86_64-linux-gnu/libGLESv2.so.2
libGLESv2.so
/usr/lib/x86_64-linux-gnu/libGLESv2.so
libGLESv1_CM.so.1
/usr/lib/x86_64-linux-gnu/libGLESv1_CM.so.1
libGLESv1_CM.so
/usr/lib/x86_64-linux-gnu/libGLESv1_CM.so
libGL.so.1
/usr/lib/x86_64-linux-gnu/libGL.so.1
libGL.so
/usr/lib/x86_64-linux-gnu/libGL.so
libFLAC.so.8
/usr/lib/x86_64-linux-gnu/libFLAC.so.8
libEGL_mesa.so.0
/usr/lib/x86_64-linux-gnu/libEGL_mesa.so.0
libEGL.so.1
/usr/lib/x86_64-linux-gnu/libEGL.so.1
libEGL.so
/usr/lib/x86_64-linux-gnu/libEGL.so
libBrokenLocale.so.1
/lib/x86_64-linux-gnu/libBrokenLocale.so.1
libBrokenLocale.so.1
/lib32/libBrokenLocale.so.1
libBrokenLocale.so
/usr/lib/x86_64-linux-gnu/libBrokenLocale.so
libBasicUsageEnvironment.so.1
/usr/lib/x86_64-linux-gnu/libBasicUsageEnvironment.so.1
ld-linux.so.2
/lib32/ld-linux.so.2
ld-linux.so.2
/lib/ld-linux.so.2
ld-linux-x86-64.so.2
/lib/x86_64-linux-gnu/ld-linux-x86-64.so.2
